2009/06/23 10:43:20 INFO> MixUtils.pm:880 Micronas::MixUtils::mix_init - ########################################################################
2009/06/23 10:43:20 INFO> MixUtils.pm:881 Micronas::MixUtils::mix_init - CMDLINE: /home/lutscher/work/MIX/mix_1.pl a_clk.xls
2009/06/23 10:43:20 INFO> MixUtils.pm:751 Micronas::MixUtils::mix_banner - 
#######################################################################
##### mix_1.pl (Revision: 1.3 )
#####
##### MIX  
#####   MixUtils    1.145 $
#####   MixUtils::IO    1.62 $
#####   MixParser   1.105 $
#####   MixWriter   1.109 $
#####   MixChecker  1.18 $
#####   MixIOParser 1.22 $
#####   MixReport 1.68 $
#####   Reg 1.88  
##### Copyright(c) Micronas GmbH 2002/2006 ALL RIGHTS RESERVED
#######################################################################
2009/06/23 10:43:20 INFO> MixUtils.pm:760 Micronas::MixUtils::mix_banner - __I_TIME_START	(mix_1.pl): Execution started Tue Jun 23 10:43:20 2009
2009/06/23 10:43:20 INFO> IO.pm:743 Micronas::MixUtils::IO::open_xls - __I_WORKSHEET	Reading worksheet CONN of /tools/mix/Resources/Examples/a_clk_20030129/a_clk.xls
2009/06/23 10:43:20 INFO> IO.pm:743 Micronas::MixUtils::IO::open_xls - __I_WORKSHEET	Reading worksheet HIER of /tools/mix/Resources/Examples/a_clk_20030129/a_clk.xls
2009/06/23 10:43:20 INFO> MixUtils.pm:2217 Micronas::MixUtils::select_variant - __I_VARIANT	Tagged 2 lines for removal in input sheet HIER HIER for variant Default
2009/06/23 10:43:20 INFO> IO.pm:598 Micronas::MixUtils::IO::mix_utils_io_create_path - __I_MKDIR	Created reg_shell.e_vr_ad directory /tools/mix/Resources/Examples/a_clk_20030129/e!
2009/06/23 10:43:20 INFO> IO.pm:598 Micronas::MixUtils::IO::mix_utils_io_create_path - __I_MKDIR	Created xml directory /tools/mix/Resources/Examples/a_clk_20030129/ipxact!
2009/06/23 10:43:20 WARN> MixParser.pm:318 Micronas::MixParser::parse_conn_macros - __I_PARSER_CONN_MACRO	Found 2 macro definitions
2009/06/23 10:43:20 WARN> MixParser.pm:423 Micronas::MixParser::convert_conn_macros - __W_PARSER_CONN_MACROS	Variable x used in macro definition for macro nr. 1 undefined!
2009/06/23 10:43:20 WARN> MixParser.pm:423 Micronas::MixParser::convert_conn_macros - __W_PARSER_CONN_MACROS	Variable y used in macro definition for macro nr. 1 undefined!
2009/06/23 10:43:20 INFO> MixChecker.pm:295 Micronas::MixChecker::_mix_check_case_int - __I_CHECK_CASE	Not all chars in correct case in new inst element 'A_CLK'!
2009/06/23 10:43:20 INFO> MixChecker.pm:295 Micronas::MixChecker::_mix_check_case_int - __I_CHECK_CASE	Not all chars in correct case in new inst element 'PADS'!
2009/06/23 10:43:20 INFO> MixChecker.pm:295 Micronas::MixChecker::_mix_check_case_int - __I_CHECK_CASE	Not all chars in correct case in new inst element 'Pad_1'!
2009/06/23 10:43:20 INFO> MixChecker.pm:295 Micronas::MixChecker::_mix_check_case_int - __I_CHECK_CASE	Not all chars in correct case in new inst element 'Pad_2'!
2009/06/23 10:43:20 INFO> MixChecker.pm:295 Micronas::MixChecker::_mix_check_case_int - __I_CHECK_CASE	Not all chars in correct case in new inst element 'Pad_3'!
2009/06/23 10:43:20 INFO> MixChecker.pm:295 Micronas::MixChecker::_mix_check_case_int - __I_CHECK_CASE	Not all chars in correct case in new inst element 'Pad_4'!
2009/06/23 10:43:20 INFO> MixChecker.pm:295 Micronas::MixChecker::_mix_check_case_int - __I_CHECK_CASE	Not all chars in correct case in new inst element 'Pad_5'!
2009/06/23 10:43:20 INFO> MixChecker.pm:295 Micronas::MixChecker::_mix_check_case_int - __I_CHECK_CASE	Not all chars in correct case in new inst element 'Pad_6'!
2009/06/23 10:43:20 INFO> MixChecker.pm:295 Micronas::MixChecker::_mix_check_case_int - __I_CHECK_CASE	Not all chars in correct case in new inst element 'Pad_7'!
2009/06/23 10:43:20 INFO> MixChecker.pm:295 Micronas::MixChecker::_mix_check_case_int - __I_CHECK_CASE	Not all chars in correct case in new inst element 'Pad_8'!
2009/06/23 10:43:20 INFO> MixChecker.pm:295 Micronas::MixChecker::_mix_check_case_int - __I_CHECK_CASE	Not all chars in correct case in new inst element 'Pad_9'!
2009/06/23 10:43:20 INFO> MixChecker.pm:295 Micronas::MixChecker::_mix_check_case_int - __I_CHECK_CASE	Not all chars in correct case in new inst element 'Pad_10'!
2009/06/23 10:43:20 INFO> MixChecker.pm:295 Micronas::MixChecker::_mix_check_case_int - __I_CHECK_CASE	Not all chars in correct case in new inst element 'Pad_11'!
2009/06/23 10:43:20 WARN> MixParser.pm:1103 Micronas::MixParser::add_conn - __W_ADD_CONN	Extend assignment from LOW to LOW_BUS!
2009/06/23 10:43:20 WARN> MixParser.pm:1103 Micronas::MixParser::add_conn - __W_ADD_CONN	Extend assignment from HIGH to HIGH_BUS!
2009/06/23 10:43:20 INFO> Reg.pm:304 Micronas::Reg::parse_register_master - __I_REG_INIT	Register-master file empty or sheet matching 'I2C' not found in any input file
2009/06/23 10:43:20 INFO> Reg.pm:313 Micronas::Reg::parse_register_master - __I_REG_INIT	XML file not present or empty
2009/06/23 10:43:20 INFO> MixChecker.pm:295 Micronas::MixChecker::_mix_check_case_int - __I_CHECK_CASE	Not all chars in correct case in new port element 'EO'!
2009/06/23 10:43:20 INFO> MixChecker.pm:295 Micronas::MixChecker::_mix_check_case_int - __I_CHECK_CASE	Not all chars in correct case in new port element 'EI'!
2009/06/23 10:43:20 WARN> MixParser.pm:4802 Micronas::MixParser::_check_keywords - __W_CHECK_KEYWORDS	Detected keyword out in port got replaced!
2009/06/23 10:43:20 WARN> MixParser.pm:4330 Micronas::MixParser::generate_port - __I_GENERATE_PORT	generate_port: signal pad_conn_3_4 adds port pad_conn_3_4 to instance A_CLK
2009/06/23 10:43:20 WARN> MixParser.pm:4330 Micronas::MixParser::generate_port - __I_GENERATE_PORT	generate_port: signal pad_conn_3_4 adds port p_mix_pad_conn_3_4_go to instance PADS
2009/06/23 10:43:20 WARN> MixParser.pm:4330 Micronas::MixParser::generate_port - __I_GENERATE_PORT	generate_port: signal pad_conn_2_3 adds port pad_conn_2_3 to instance A_CLK
2009/06/23 10:43:20 WARN> MixParser.pm:4330 Micronas::MixParser::generate_port - __I_GENERATE_PORT	generate_port: signal pad_conn_2_3 adds port p_mix_pad_conn_2_3_go to instance PADS
2009/06/23 10:43:20 WARN> MixParser.pm:4330 Micronas::MixParser::generate_port - __I_GENERATE_PORT	generate_port: signal display_ls_hr adds port display_ls_hr to instance A_CLK
2009/06/23 10:43:20 WARN> MixParser.pm:4330 Micronas::MixParser::generate_port - __I_GENERATE_PORT	generate_port: signal alarm_time_ms_min adds port alarm_time_ms_min to instance A_CLK
2009/06/23 10:43:20 WARN> MixParser.pm:4330 Micronas::MixParser::generate_port - __I_GENERATE_PORT	generate_port: signal current_time_ms_hr adds port current_time_ms_hr to instance A_CLK
2009/06/23 10:43:20 WARN> MixParser.pm:4330 Micronas::MixParser::generate_port - __I_GENERATE_PORT	generate_port: signal pad_conn_4_5 adds port pad_conn_4_5 to instance A_CLK
2009/06/23 10:43:20 WARN> MixParser.pm:4330 Micronas::MixParser::generate_port - __I_GENERATE_PORT	generate_port: signal pad_conn_4_5 adds port p_mix_pad_conn_4_5_go to instance PADS
2009/06/23 10:43:20 WARN> MixParser.pm:4330 Micronas::MixParser::generate_port - __I_GENERATE_PORT	generate_port: signal display_ls_min adds port display_ls_min to instance A_CLK
2009/06/23 10:43:20 WARN> MixParser.pm:4330 Micronas::MixParser::generate_port - __I_GENERATE_PORT	generate_port: signal key_buffer_3 adds port key_buffer_3 to instance A_CLK
2009/06/23 10:43:20 WARN> MixParser.pm:4330 Micronas::MixParser::generate_port - __I_GENERATE_PORT	generate_port: signal key_buffer_1 adds port key_buffer_1 to instance A_CLK
2009/06/23 10:43:20 WARN> MixParser.pm:4330 Micronas::MixParser::generate_port - __I_GENERATE_PORT	generate_port: signal key_buffer_0 adds port key_buffer_0 to instance A_CLK
2009/06/23 10:43:20 WARN> MixParser.pm:4330 Micronas::MixParser::generate_port - __I_GENERATE_PORT	generate_port: signal sound_alarm adds port sound_alarm to instance A_CLK
2009/06/23 10:43:20 WARN> MixParser.pm:4330 Micronas::MixParser::generate_port - __I_GENERATE_PORT	generate_port: signal pad_conn_5_6 adds port pad_conn_5_6 to instance A_CLK
2009/06/23 10:43:20 WARN> MixParser.pm:4330 Micronas::MixParser::generate_port - __I_GENERATE_PORT	generate_port: signal pad_conn_5_6 adds port p_mix_pad_conn_5_6_go to instance PADS
2009/06/23 10:43:20 WARN> MixParser.pm:4330 Micronas::MixParser::generate_port - __I_GENERATE_PORT	generate_port: signal pad_conn_1_2 adds port pad_conn_1_2 to instance A_CLK
2009/06/23 10:43:20 WARN> MixParser.pm:4330 Micronas::MixParser::generate_port - __I_GENERATE_PORT	generate_port: signal pad_conn_1_2 adds port p_mix_pad_conn_1_2_go to instance PADS
2009/06/23 10:43:20 WARN> MixParser.pm:4330 Micronas::MixParser::generate_port - __I_GENERATE_PORT	generate_port: signal key_buffer_2 adds port key_buffer_2 to instance A_CLK
2009/06/23 10:43:20 WARN> MixParser.pm:4330 Micronas::MixParser::generate_port - __I_GENERATE_PORT	generate_port: signal pad_conn_6_7 adds port pad_conn_6_7 to instance A_CLK
2009/06/23 10:43:20 WARN> MixParser.pm:4330 Micronas::MixParser::generate_port - __I_GENERATE_PORT	generate_port: signal pad_conn_6_7 adds port p_mix_pad_conn_6_7_go to instance PADS
2009/06/23 10:43:20 WARN> MixParser.pm:4330 Micronas::MixParser::generate_port - __I_GENERATE_PORT	generate_port: signal alarm_time_ms_hr adds port alarm_time_ms_hr to instance A_CLK
2009/06/23 10:43:20 WARN> MixParser.pm:4330 Micronas::MixParser::generate_port - __I_GENERATE_PORT	generate_port: signal alarm_time_ls_hr adds port alarm_time_ls_hr to instance A_CLK
2009/06/23 10:43:20 WARN> MixParser.pm:4330 Micronas::MixParser::generate_port - __I_GENERATE_PORT	generate_port: signal sound_alarm_test1 adds port p_mix_sound_alarm_test1_go to instance u_ddrv4
2009/06/23 10:43:20 WARN> MixParser.pm:4330 Micronas::MixParser::generate_port - __I_GENERATE_PORT	generate_port: signal display_ms_min adds port display_ms_min to instance A_CLK
2009/06/23 10:43:20 WARN> MixParser.pm:4330 Micronas::MixParser::generate_port - __I_GENERATE_PORT	generate_port: signal current_time_ls_min adds port current_time_ls_min to instance A_CLK
2009/06/23 10:43:20 WARN> MixParser.pm:4330 Micronas::MixParser::generate_port - __I_GENERATE_PORT	generate_port: signal show_a adds port show_a to instance A_CLK
2009/06/23 10:43:20 WARN> MixParser.pm:4330 Micronas::MixParser::generate_port - __I_GENERATE_PORT	generate_port: signal pad_conn_8_9 adds port pad_conn_8_9 to instance A_CLK
2009/06/23 10:43:20 WARN> MixParser.pm:4330 Micronas::MixParser::generate_port - __I_GENERATE_PORT	generate_port: signal pad_conn_8_9 adds port p_mix_pad_conn_8_9_go to instance PADS
2009/06/23 10:43:20 WARN> MixParser.pm:4330 Micronas::MixParser::generate_port - __I_GENERATE_PORT	generate_port: signal reset adds port reset to instance A_CLK
2009/06/23 10:43:20 WARN> MixParser.pm:4330 Micronas::MixParser::generate_port - __I_GENERATE_PORT	generate_port: signal stopwatch adds port stopwatch to instance A_CLK
2009/06/23 10:43:20 WARN> MixParser.pm:4330 Micronas::MixParser::generate_port - __I_GENERATE_PORT	generate_port: signal show_new_time adds port show_new_time to instance A_CLK
2009/06/23 10:43:20 WARN> MixParser.pm:4330 Micronas::MixParser::generate_port - __I_GENERATE_PORT	generate_port: signal current_time_ls_hr adds port current_time_ls_hr to instance A_CLK
2009/06/23 10:43:20 WARN> MixParser.pm:4330 Micronas::MixParser::generate_port - __I_GENERATE_PORT	generate_port: signal pad_conn_7_8 adds port pad_conn_7_8 to instance A_CLK
2009/06/23 10:43:20 WARN> MixParser.pm:4330 Micronas::MixParser::generate_port - __I_GENERATE_PORT	generate_port: signal pad_conn_7_8 adds port p_mix_pad_conn_7_8_go to instance PADS
2009/06/23 10:43:20 WARN> MixParser.pm:4330 Micronas::MixParser::generate_port - __I_GENERATE_PORT	generate_port: signal clk adds port clk to instance A_CLK
2009/06/23 10:43:20 WARN> MixParser.pm:4330 Micronas::MixParser::generate_port - __I_GENERATE_PORT	generate_port: signal current_time_ms_min adds port current_time_ms_min to instance A_CLK
2009/06/23 10:43:20 WARN> MixParser.pm:4330 Micronas::MixParser::generate_port - __I_GENERATE_PORT	generate_port: signal display_ms_hr adds port display_ms_hr to instance A_CLK
2009/06/23 10:43:20 WARN> MixParser.pm:4330 Micronas::MixParser::generate_port - __I_GENERATE_PORT	generate_port: signal pad_conn_9_10 adds port pad_conn_9_10 to instance A_CLK
2009/06/23 10:43:20 WARN> MixParser.pm:4330 Micronas::MixParser::generate_port - __I_GENERATE_PORT	generate_port: signal pad_conn_9_10 adds port p_mix_pad_conn_9_10_go to instance PADS
2009/06/23 10:43:20 WARN> MixParser.pm:4330 Micronas::MixParser::generate_port - __I_GENERATE_PORT	generate_port: signal alarm_time_ls_min adds port alarm_time_ls_min to instance A_CLK
2009/06/23 10:43:20 WARN> MixParser.pm:4802 Micronas::MixParser::_check_keywords - __W_CHECK_KEYWORDS	Detected keyword open in inst got replaced!
2009/06/23 10:43:20 WARN> MixParser.pm:4802 Micronas::MixParser::_check_keywords - __W_CHECK_KEYWORDS	Detected keyword open in inst got replaced!
2009/06/23 10:43:20 ERROR> MixParser.pm:5086 Micronas::MixParser::_add_sign2hier - __E_SIGN2HIER	Skipping connection reset to undefined instance mix_key_open!
2009/06/23 10:43:20 ERROR> MixParser.pm:5086 Micronas::MixParser::_add_sign2hier - __E_SIGN2HIER	Skipping connection clk to undefined instance mix_key_open!
2009/06/23 10:43:20 WARN> MixWriter.pm:883 Micronas::MixWriter::_create_entity - __W_CREATE_ENTY	Autoreducing port type for signal alarm to std_ulogic
2009/06/23 10:43:20 WARN> MixWriter.pm:883 Micronas::MixWriter::_create_entity - __W_CREATE_ENTY	Autoreducing port type for signal alarm to std_ulogic
2009/06/23 10:43:20 WARN> MixWriter.pm:883 Micronas::MixWriter::_create_entity - __W_CREATE_ENTY	Autoreducing port type for signal alarm to std_ulogic
2009/06/23 10:43:20 WARN> MixWriter.pm:638 Micronas::MixWriter::compare_merge_entities - __W_COMP_MERG_ENTYMissing port EO in entity padcell (Pad_10) redeclaration, ignoreing!
2009/06/23 10:43:20 WARN> MixWriter.pm:883 Micronas::MixWriter::_create_entity - __W_CREATE_ENTY	Autoreducing port type for signal alarm to std_ulogic
2009/06/23 10:43:20 WARN> MixWriter.pm:697 Micronas::MixWriter::compare_merge_entities - __W_COMP_MERG_ENTY	Declaration for entity ddrv (d_ms_hr) extended by alarm_in!
2009/06/23 10:43:20 WARN> MixWriter.pm:1182 Micronas::MixWriter::_write_entities - __W_WR_ENTY	Entity declaration file a_clk-e.vhd will be overwritten!
2009/06/23 10:43:20 WARN> MixWriter.pm:1469 Micronas::MixWriter::_mix_wr_get_ivhdl - __W_GET_IVHDL	Port sound_alarm of entity ddrv one bit wide, reduce to signal
2009/06/23 10:43:20 WARN> MixWriter.pm:6254 Micronas::MixWriter::_write_configuration - __W_WRITE_CONF	Configuration definition file a_clk-c.vhd will be overwritten!
2009/06/23 10:43:20 INFO> MixUtils.pm:3749 Micronas::MixUtils::write_sum - ============= SUMMARY =================
2009/06/23 10:43:20 INFO> MixUtils.pm:3750 Micronas::MixUtils::write_sum - SUM: Summary of checks and created items:
2009/06/23 10:43:20 INFO> MixUtils.pm:3753 Micronas::MixUtils::write_sum - SUM: checkforce 0
2009/06/23 10:43:20 INFO> MixUtils.pm:3753 Micronas::MixUtils::write_sum - SUM: checkunique 0
2009/06/23 10:43:20 INFO> MixUtils.pm:3753 Micronas::MixUtils::write_sum - SUM: checkwarn 0
2009/06/23 10:43:20 INFO> MixUtils.pm:3753 Micronas::MixUtils::write_sum - SUM: cmacros 4
2009/06/23 10:43:20 INFO> MixUtils.pm:3753 Micronas::MixUtils::write_sum - SUM: conn 49
2009/06/23 10:43:20 INFO> MixUtils.pm:3753 Micronas::MixUtils::write_sum - SUM: genport 41
2009/06/23 10:43:20 INFO> MixUtils.pm:3753 Micronas::MixUtils::write_sum - SUM: hdlfiles 3
2009/06/23 10:43:20 INFO> MixUtils.pm:3753 Micronas::MixUtils::write_sum - SUM: inst 34
2009/06/23 10:43:20 INFO> MixUtils.pm:3753 Micronas::MixUtils::write_sum - SUM: io_cell_single 0
2009/06/23 10:43:20 INFO> MixUtils.pm:3753 Micronas::MixUtils::write_sum - SUM: io_cellandpad 0
2009/06/23 10:43:20 INFO> MixUtils.pm:3753 Micronas::MixUtils::write_sum - SUM: io_pad_single 0
2009/06/23 10:43:20 INFO> MixUtils.pm:3753 Micronas::MixUtils::write_sum - SUM: multdriver 24
2009/06/23 10:43:20 INFO> MixUtils.pm:3753 Micronas::MixUtils::write_sum - SUM: nodriver 0
2009/06/23 10:43:20 INFO> MixUtils.pm:3753 Micronas::MixUtils::write_sum - SUM: noload 9
2009/06/23 10:43:20 INFO> MixUtils.pm:3753 Micronas::MixUtils::write_sum - SUM: openports 0
2009/06/23 10:43:20 INFO> MixUtils.pm:3753 Micronas::MixUtils::write_sum - SUM: port 165
2009/06/23 10:43:20 INFO> MixUtils.pm:3753 Micronas::MixUtils::write_sum - SUM: tie_hl 4
2009/06/23 10:43:20 INFO> MixUtils.pm:3755 Micronas::MixUtils::write_sum - ======== ERRORS and WARNINGS ============
2009/06/23 10:43:20 INFO> MixUtils.pm:3756 Micronas::MixUtils::write_sum - SUM: Number of messages logged:
2009/06/23 10:43:20 INFO> MixUtils.pm:3759 Micronas::MixUtils::write_sum - SUM: debug 0
2009/06/23 10:43:20 INFO> MixUtils.pm:3759 Micronas::MixUtils::write_sum - SUM: error 2
2009/06/23 10:43:20 INFO> MixUtils.pm:3759 Micronas::MixUtils::write_sum - SUM: fatal 0
2009/06/23 10:43:20 INFO> MixUtils.pm:3759 Micronas::MixUtils::write_sum - SUM: info 28
2009/06/23 10:43:20 INFO> MixUtils.pm:3759 Micronas::MixUtils::write_sum - SUM: warn 58
2009/06/23 10:43:20 INFO> MixUtils.pm:3766 Micronas::MixUtils::write_sum - SUM: runtime: 0 seconds
2009/06/23 10:43:20 INFO> MixUtils.pm:3769 Micronas::MixUtils::write_sum - SUM: === Number of parsed input tables: ===
2009/06/23 10:43:20 INFO> MixUtils.pm:3771 Micronas::MixUtils::write_sum - SUM: conf 0
2009/06/23 10:43:20 INFO> MixUtils.pm:3771 Micronas::MixUtils::write_sum - SUM: hier 1
2009/06/23 10:43:20 INFO> MixUtils.pm:3771 Micronas::MixUtils::write_sum - SUM: conn 1
2009/06/23 10:43:20 INFO> MixUtils.pm:3771 Micronas::MixUtils::write_sum - SUM: io 0
2009/06/23 10:43:20 INFO> MixUtils.pm:3771 Micronas::MixUtils::write_sum - SUM: i2c 0
2009/06/23 10:43:20 INFO> MixUtils.pm:3771 Micronas::MixUtils::write_sum - SUM: xml 0
