2009/06/23 10:41:41 INFO> MixUtils.pm:880 Micronas::MixUtils::mix_init - ########################################################################
2009/06/23 10:41:41 INFO> MixUtils.pm:881 Micronas::MixUtils::mix_init - CMDLINE: /home/lutscher/work/MIX/mix_1.pl di_tnr.xls
2009/06/23 10:41:41 INFO> MixUtils.pm:929 Micronas::MixUtils::_mix_utils_readcfg - __I_READ_CFG	Reading extra configurations from ./mix.cfg
2009/06/23 10:41:41 WARN> Globals.pm:337 Micronas::MixUtils::Globals::_key_hash - __W_KEY2HASH	Illegal character removed from eh key:macro.'%MY_MACRO%'
2009/06/23 10:41:41 INFO> MixUtils.pm:751 Micronas::MixUtils::mix_banner - 
#######################################################################
##### mix_1.pl (Revision: 1.3 )
#####
##### MIX  
#####   MixUtils    1.145 $
#####   MixUtils::IO    1.62 $
#####   MixParser   1.105 $
#####   MixWriter   1.109 $
#####   MixChecker  1.18 $
#####   MixIOParser 1.22 $
#####   MixReport 1.68 $
#####   Reg 1.88  
##### Copyright(c) Micronas GmbH 2002/2006 ALL RIGHTS RESERVED
#######################################################################
2009/06/23 10:41:41 INFO> MixUtils.pm:760 Micronas::MixUtils::mix_banner - __I_TIME_START	(mix_1.pl): Execution started Tue Jun 23 10:41:41 2009
2009/06/23 10:41:41 INFO> IO.pm:743 Micronas::MixUtils::IO::open_xls - __I_WORKSHEET	Reading worksheet CONN of /tools/mix/Resources/Examples/di_tnr/di_tnr.xls
2009/06/23 10:41:41 INFO> IO.pm:743 Micronas::MixUtils::IO::open_xls - __I_WORKSHEET	Reading worksheet HIER of /tools/mix/Resources/Examples/di_tnr/di_tnr.xls
2009/06/23 10:41:41 INFO> IO.pm:598 Micronas::MixUtils::IO::mix_utils_io_create_path - __I_MKDIR	Created output directory /tools/mix/Resources/Examples/di_tnr/vhdl!
2009/06/23 10:41:41 INFO> IO.pm:598 Micronas::MixUtils::IO::mix_utils_io_create_path - __I_MKDIR	Created internal directory /tools/mix/Resources/Examples/di_tnr/tmp!
2009/06/23 10:41:41 WARN> MixParser.pm:318 Micronas::MixParser::parse_conn_macros - __I_PARSER_CONN_MACRO	Found 0 macro definitions
2009/06/23 10:41:41 INFO> Reg.pm:304 Micronas::Reg::parse_register_master - __I_REG_INIT	Register-master file empty or sheet matching 'I2C' not found in any input file
2009/06/23 10:41:41 INFO> Reg.pm:313 Micronas::Reg::parse_register_master - __I_REG_INIT	XML file not present or empty
2009/06/23 10:41:41 WARN> MixParser.pm:4330 Micronas::MixParser::generate_port - __I_GENERATE_PORT	generate_port: signal asresi_n adds port asresi_n to instance di_tnr
2009/06/23 10:41:41 WARN> MixParser.pm:4330 Micronas::MixParser::generate_port - __I_GENERATE_PORT	generate_port: signal tnrs2y_iic_i adds port tnrs2y_iic_i to instance di_tnr
2009/06/23 10:41:41 WARN> MixParser.pm:4330 Micronas::MixParser::generate_port - __I_GENERATE_PORT	generate_port: signal y2_p1_i adds port y2_p1_i to instance di_tnr
2009/06/23 10:41:41 WARN> MixParser.pm:4330 Micronas::MixParser::generate_port - __I_GENERATE_PORT	generate_port: signal tnrs3y_iic_i adds port tnrs3y_iic_i to instance di_tnr
2009/06/23 10:41:41 WARN> MixParser.pm:4330 Micronas::MixParser::generate_port - __I_GENERATE_PORT	generate_port: signal af_c1_o adds port af_c1_o to instance di_tnr
2009/06/23 10:41:41 WARN> MixParser.pm:4330 Micronas::MixParser::generate_port - __I_GENERATE_PORT	generate_port: signal tnrs5c_iic_i adds port tnrs5c_iic_i to instance di_tnr
2009/06/23 10:41:41 WARN> MixParser.pm:4330 Micronas::MixParser::generate_port - __I_GENERATE_PORT	generate_port: signal hsync_p0_i adds port hsync_p0_i to instance di_tnr
2009/06/23 10:41:41 WARN> MixParser.pm:4330 Micronas::MixParser::generate_port - __I_GENERATE_PORT	generate_port: signal al_c1_o adds port al_c1_o to instance di_tnr
2009/06/23 10:41:41 WARN> MixParser.pm:4330 Micronas::MixParser::generate_port - __I_GENERATE_PORT	generate_port: signal c1_p1_i adds port c1_p1_i to instance di_tnr
2009/06/23 10:41:41 WARN> MixParser.pm:4330 Micronas::MixParser::generate_port - __I_GENERATE_PORT	generate_port: signal tnrs0c_iic_i adds port tnrs0c_iic_i to instance di_tnr
2009/06/23 10:41:41 WARN> MixParser.pm:4330 Micronas::MixParser::generate_port - __I_GENERATE_PORT	generate_port: signal nr_dis_c_i adds port nr_dis_c_i to instance di_tnr
2009/06/23 10:41:41 WARN> MixParser.pm:4330 Micronas::MixParser::generate_port - __I_GENERATE_PORT	generate_port: signal tnrs1y_iic_i adds port tnrs1y_iic_i to instance di_tnr
2009/06/23 10:41:41 WARN> MixParser.pm:4330 Micronas::MixParser::generate_port - __I_GENERATE_PORT	generate_port: signal req_p1_o adds port req_p1_o to instance di_tnr
2009/06/23 10:41:41 WARN> MixParser.pm:4330 Micronas::MixParser::generate_port - __I_GENERATE_PORT	generate_port: signal vsync_p0_i adds port vsync_p0_i to instance di_tnr
2009/06/23 10:41:41 WARN> MixParser.pm:4330 Micronas::MixParser::generate_port - __I_GENERATE_PORT	generate_port: signal field_p0_i adds port field_p0_i to instance di_tnr
2009/06/23 10:41:41 WARN> MixParser.pm:4330 Micronas::MixParser::generate_port - __I_GENERATE_PORT	generate_port: signal y0_p0_o adds port y0_p0_o to instance di_tnr
2009/06/23 10:41:41 WARN> MixParser.pm:4330 Micronas::MixParser::generate_port - __I_GENERATE_PORT	generate_port: signal y1_p1_o adds port y1_p1_o to instance di_tnr
2009/06/23 10:41:41 WARN> MixParser.pm:4330 Micronas::MixParser::generate_port - __I_GENERATE_PORT	generate_port: signal tnrmdnr4c_iic_i adds port tnrmdnr4c_iic_i to instance di_tnr
2009/06/23 10:41:41 WARN> MixParser.pm:4330 Micronas::MixParser::generate_port - __I_GENERATE_PORT	generate_port: signal c1_p1_o adds port c1_p1_o to instance di_tnr
2009/06/23 10:41:41 WARN> MixParser.pm:4330 Micronas::MixParser::generate_port - __I_GENERATE_PORT	generate_port: signal y2_p1_o adds port y2_p1_o to instance di_tnr
2009/06/23 10:41:41 WARN> MixParser.pm:4330 Micronas::MixParser::generate_port - __I_GENERATE_PORT	generate_port: signal tnrsel_iic_i adds port tnrsel_iic_i to instance di_tnr
2009/06/23 10:41:41 WARN> MixParser.pm:4330 Micronas::MixParser::generate_port - __I_GENERATE_PORT	generate_port: signal c0_p0_o adds port c0_p0_o to instance di_tnr
2009/06/23 10:41:41 WARN> MixParser.pm:4330 Micronas::MixParser::generate_port - __I_GENERATE_PORT	generate_port: signal fieldc_c1_o adds port fieldc_c1_o to instance di_tnr
2009/06/23 10:41:41 WARN> MixParser.pm:4330 Micronas::MixParser::generate_port - __I_GENERATE_PORT	generate_port: signal tnrs3c_iic_i adds port tnrs3c_iic_i to instance di_tnr
2009/06/23 10:41:41 WARN> MixParser.pm:4330 Micronas::MixParser::generate_port - __I_GENERATE_PORT	generate_port: signal tnrs1c_iic_i adds port tnrs1c_iic_i to instance di_tnr
2009/06/23 10:41:41 WARN> MixParser.pm:4330 Micronas::MixParser::generate_port - __I_GENERATE_PORT	generate_port: signal fieldy0_c1_o adds port fieldy0_c1_o to instance di_tnr
2009/06/23 10:41:41 WARN> MixParser.pm:4330 Micronas::MixParser::generate_port - __I_GENERATE_PORT	generate_port: signal tnrs4y_iic_i adds port tnrs4y_iic_i to instance di_tnr
2009/06/23 10:41:41 WARN> MixParser.pm:4330 Micronas::MixParser::generate_port - __I_GENERATE_PORT	generate_port: signal y1_p1_i adds port y1_p1_i to instance di_tnr
2009/06/23 10:41:41 WARN> MixParser.pm:4330 Micronas::MixParser::generate_port - __I_GENERATE_PORT	generate_port: signal tnrs5y_iic_i adds port tnrs5y_iic_i to instance di_tnr
2009/06/23 10:41:41 WARN> MixParser.pm:4330 Micronas::MixParser::generate_port - __I_GENERATE_PORT	generate_port: signal vsync_c1_o adds port vsync_c1_o to instance di_tnr
2009/06/23 10:41:41 WARN> MixParser.pm:4330 Micronas::MixParser::generate_port - __I_GENERATE_PORT	generate_port: signal yblack_p_i adds port yblack_p_i to instance di_tnr
2009/06/23 10:41:41 WARN> MixParser.pm:4330 Micronas::MixParser::generate_port - __I_GENERATE_PORT	generate_port: signal cblack_p_i adds port cblack_p_i to instance di_tnr
2009/06/23 10:41:41 WARN> MixParser.pm:4330 Micronas::MixParser::generate_port - __I_GENERATE_PORT	generate_port: signal tnrssc_iic_i adds port tnrssc_iic_i to instance di_tnr
2009/06/23 10:41:41 WARN> MixParser.pm:4330 Micronas::MixParser::generate_port - __I_GENERATE_PORT	generate_port: signal af_p0_i adds port af_p0_i to instance di_tnr
2009/06/23 10:41:41 WARN> MixParser.pm:4330 Micronas::MixParser::generate_port - __I_GENERATE_PORT	generate_port: signal ap_p0_i adds port ap_p0_i to instance di_tnr
2009/06/23 10:41:41 WARN> MixParser.pm:4330 Micronas::MixParser::generate_port - __I_GENERATE_PORT	generate_port: signal tnrs2c_iic_i adds port tnrs2c_iic_i to instance di_tnr
2009/06/23 10:41:41 WARN> MixParser.pm:4330 Micronas::MixParser::generate_port - __I_GENERATE_PORT	generate_port: signal tnrnr4y_iic_i adds port tnrnr4y_iic_i to instance di_tnr
2009/06/23 10:41:41 WARN> MixParser.pm:4330 Micronas::MixParser::generate_port - __I_GENERATE_PORT	generate_port: signal ap_c1_o adds port ap_c1_o to instance di_tnr
2009/06/23 10:41:41 WARN> MixParser.pm:4330 Micronas::MixParser::generate_port - __I_GENERATE_PORT	generate_port: signal tnrs7y_iic_i adds port tnrs7y_iic_i to instance di_tnr
2009/06/23 10:41:41 WARN> MixParser.pm:4330 Micronas::MixParser::generate_port - __I_GENERATE_PORT	generate_port: signal y0_p0_i adds port y0_p0_i to instance di_tnr
2009/06/23 10:41:41 WARN> MixParser.pm:4330 Micronas::MixParser::generate_port - __I_GENERATE_PORT	generate_port: signal al_p0_i adds port al_p0_i to instance di_tnr
2009/06/23 10:41:41 WARN> MixParser.pm:4330 Micronas::MixParser::generate_port - __I_GENERATE_PORT	generate_port: signal tnrabs_iic_i adds port tnrabs_iic_i to instance di_tnr
2009/06/23 10:41:41 WARN> MixParser.pm:4330 Micronas::MixParser::generate_port - __I_GENERATE_PORT	generate_port: signal tnrmd4y_iic_i adds port tnrmd4y_iic_i to instance di_tnr
2009/06/23 10:41:41 WARN> MixParser.pm:4330 Micronas::MixParser::generate_port - __I_GENERATE_PORT	generate_port: signal c0_p0_i adds port c0_p0_i to instance di_tnr
2009/06/23 10:41:41 WARN> MixParser.pm:4330 Micronas::MixParser::generate_port - __I_GENERATE_PORT	generate_port: signal tnrs6y_iic_i adds port tnrs6y_iic_i to instance di_tnr
2009/06/23 10:41:41 WARN> MixParser.pm:4330 Micronas::MixParser::generate_port - __I_GENERATE_PORT	generate_port: signal frafiesel_iic_i adds port frafiesel_iic_i to instance di_tnr
2009/06/23 10:41:41 WARN> MixParser.pm:4330 Micronas::MixParser::generate_port - __I_GENERATE_PORT	generate_port: signal uen_p0_i adds port uen_p0_i to instance di_tnr
2009/06/23 10:41:41 WARN> MixParser.pm:4330 Micronas::MixParser::generate_port - __I_GENERATE_PORT	generate_port: signal clkin adds port clkin to instance di_tnr
2009/06/23 10:41:41 WARN> MixParser.pm:4330 Micronas::MixParser::generate_port - __I_GENERATE_PORT	generate_port: signal tnrs4c_iic_i adds port tnrs4c_iic_i to instance di_tnr
2009/06/23 10:41:41 WARN> MixParser.pm:4330 Micronas::MixParser::generate_port - __I_GENERATE_PORT	generate_port: signal fieldy1_c1_o adds port fieldy1_c1_o to instance di_tnr
2009/06/23 10:41:41 WARN> MixParser.pm:4330 Micronas::MixParser::generate_port - __I_GENERATE_PORT	generate_port: signal tnrs6c_iic_i adds port tnrs6c_iic_i to instance di_tnr
2009/06/23 10:41:41 WARN> MixParser.pm:4330 Micronas::MixParser::generate_port - __I_GENERATE_PORT	generate_port: signal tnrssy_iic_i adds port tnrssy_iic_i to instance di_tnr
2009/06/23 10:41:41 WARN> MixParser.pm:4330 Micronas::MixParser::generate_port - __I_GENERATE_PORT	generate_port: signal tnrcly_iic_i adds port tnrcly_iic_i to instance di_tnr
2009/06/23 10:41:41 WARN> MixParser.pm:4330 Micronas::MixParser::generate_port - __I_GENERATE_PORT	generate_port: signal tnrclc_iic_i adds port tnrclc_iic_i to instance di_tnr
2009/06/23 10:41:41 WARN> MixParser.pm:4330 Micronas::MixParser::generate_port - __I_GENERATE_PORT	generate_port: signal nron_iic_i adds port nron_iic_i to instance di_tnr
2009/06/23 10:41:41 WARN> MixParser.pm:4330 Micronas::MixParser::generate_port - __I_GENERATE_PORT	generate_port: signal tnrs7c_iic_i adds port tnrs7c_iic_i to instance di_tnr
2009/06/23 10:41:41 WARN> MixParser.pm:4330 Micronas::MixParser::generate_port - __I_GENERATE_PORT	generate_port: signal tnrs0y_iic_i adds port tnrs0y_iic_i to instance di_tnr
2009/06/23 10:41:41 WARN> MixParser.pm:4330 Micronas::MixParser::generate_port - __I_GENERATE_PORT	generate_port: signal hsync_c1_o adds port hsync_c1_o to instance di_tnr
2009/06/23 10:41:41 WARN> MixParser.pm:4330 Micronas::MixParser::generate_port - __I_GENERATE_PORT	generate_port: signal uen_c1_o adds port uen_c1_o to instance di_tnr
2009/06/23 10:41:41 INFO> MixUtils.pm:3749 Micronas::MixUtils::write_sum - ============= SUMMARY =================
2009/06/23 10:41:41 INFO> MixUtils.pm:3750 Micronas::MixUtils::write_sum - SUM: Summary of checks and created items:
2009/06/23 10:41:41 INFO> MixUtils.pm:3753 Micronas::MixUtils::write_sum - SUM: checkforce 0
2009/06/23 10:41:41 INFO> MixUtils.pm:3753 Micronas::MixUtils::write_sum - SUM: checkunique 0
2009/06/23 10:41:41 INFO> MixUtils.pm:3753 Micronas::MixUtils::write_sum - SUM: checkwarn 0
2009/06/23 10:41:41 INFO> MixUtils.pm:3753 Micronas::MixUtils::write_sum - SUM: cmacros 0
2009/06/23 10:41:41 INFO> MixUtils.pm:3753 Micronas::MixUtils::write_sum - SUM: conn 65
2009/06/23 10:41:41 INFO> MixUtils.pm:3753 Micronas::MixUtils::write_sum - SUM: genport 59
2009/06/23 10:41:41 INFO> MixUtils.pm:3753 Micronas::MixUtils::write_sum - SUM: hdlfiles 12
2009/06/23 10:41:41 INFO> MixUtils.pm:3753 Micronas::MixUtils::write_sum - SUM: inst 10
2009/06/23 10:41:41 INFO> MixUtils.pm:3753 Micronas::MixUtils::write_sum - SUM: io_cell_single 0
2009/06/23 10:41:41 INFO> MixUtils.pm:3753 Micronas::MixUtils::write_sum - SUM: io_cellandpad 0
2009/06/23 10:41:41 INFO> MixUtils.pm:3753 Micronas::MixUtils::write_sum - SUM: io_pad_single 0
2009/06/23 10:41:41 INFO> MixUtils.pm:3753 Micronas::MixUtils::write_sum - SUM: multdriver 0
2009/06/23 10:41:41 INFO> MixUtils.pm:3753 Micronas::MixUtils::write_sum - SUM: nodriver 0
2009/06/23 10:41:41 INFO> MixUtils.pm:3753 Micronas::MixUtils::write_sum - SUM: noload 0
2009/06/23 10:41:41 INFO> MixUtils.pm:3753 Micronas::MixUtils::write_sum - SUM: openports 0
2009/06/23 10:41:41 INFO> MixUtils.pm:3753 Micronas::MixUtils::write_sum - SUM: port 86
2009/06/23 10:41:41 INFO> MixUtils.pm:3755 Micronas::MixUtils::write_sum - ======== ERRORS and WARNINGS ============
2009/06/23 10:41:41 INFO> MixUtils.pm:3756 Micronas::MixUtils::write_sum - SUM: Number of messages logged:
2009/06/23 10:41:41 INFO> MixUtils.pm:3759 Micronas::MixUtils::write_sum - SUM: debug 0
2009/06/23 10:41:41 INFO> MixUtils.pm:3759 Micronas::MixUtils::write_sum - SUM: error 0
2009/06/23 10:41:41 INFO> MixUtils.pm:3759 Micronas::MixUtils::write_sum - SUM: fatal 0
2009/06/23 10:41:41 INFO> MixUtils.pm:3759 Micronas::MixUtils::write_sum - SUM: info 13
2009/06/23 10:41:41 INFO> MixUtils.pm:3759 Micronas::MixUtils::write_sum - SUM: warn 61
2009/06/23 10:41:41 INFO> MixUtils.pm:3766 Micronas::MixUtils::write_sum - SUM: runtime: 0 seconds
2009/06/23 10:41:41 INFO> MixUtils.pm:3769 Micronas::MixUtils::write_sum - SUM: === Number of parsed input tables: ===
2009/06/23 10:41:41 INFO> MixUtils.pm:3771 Micronas::MixUtils::write_sum - SUM: conf 0
2009/06/23 10:41:41 INFO> MixUtils.pm:3771 Micronas::MixUtils::write_sum - SUM: hier 1
2009/06/23 10:41:41 INFO> MixUtils.pm:3771 Micronas::MixUtils::write_sum - SUM: conn 1
2009/06/23 10:41:41 INFO> MixUtils.pm:3771 Micronas::MixUtils::write_sum - SUM: io 0
2009/06/23 10:41:41 INFO> MixUtils.pm:3771 Micronas::MixUtils::write_sum - SUM: i2c 0
2009/06/23 10:41:41 INFO> MixUtils.pm:3771 Micronas::MixUtils::write_sum - SUM: xml 0
2009/06/23 14:19:39 INFO> MixUtils.pm:880 Micronas::MixUtils::mix_init - ########################################################################
2009/06/23 14:19:39 INFO> MixUtils.pm:881 Micronas::MixUtils::mix_init - CMDLINE: /home/lutscher/work/MIX/mix_1.pl di_tnr.xls
2009/06/23 14:19:39 INFO> MixUtils.pm:929 Micronas::MixUtils::_mix_utils_readcfg - __I_READ_CFG	Reading extra configurations from ./mix.cfg
2009/06/23 14:19:39 WARN> Globals.pm:337 Micronas::MixUtils::Globals::_key_hash - __W_KEY2HASH	Illegal character removed from eh key:macro.'%MY_MACRO%'
2009/06/23 14:19:39 INFO> MixUtils.pm:751 Micronas::MixUtils::mix_banner - 
#######################################################################
##### mix_1.pl (Revision: 1.3 )
#####
##### MIX  
#####   MixUtils    1.145 $
#####   MixUtils::IO    1.62 $
#####   MixParser   1.105 $
#####   MixWriter   1.109 $
#####   MixChecker  1.18 $
#####   MixIOParser 1.22 $
#####   MixReport 1.68 $
#####   Reg 1.88  
##### Copyright(c) Micronas GmbH 2002/2006 ALL RIGHTS RESERVED
#######################################################################
2009/06/23 14:19:39 INFO> MixUtils.pm:760 Micronas::MixUtils::mix_banner - __I_TIME_START	(mix_1.pl): Execution started Tue Jun 23 14:19:39 2009
2009/06/23 14:19:39 INFO> IO.pm:743 Micronas::MixUtils::IO::open_xls - __I_WORKSHEET	Reading worksheet CONN of /tools/mix/Resources/Examples/pin_master_vhdl_di_tnr/di_tnr.xls
2009/06/23 14:19:39 INFO> IO.pm:743 Micronas::MixUtils::IO::open_xls - __I_WORKSHEET	Reading worksheet HIER of /tools/mix/Resources/Examples/pin_master_vhdl_di_tnr/di_tnr.xls
2009/06/23 14:19:39 WARN> MixParser.pm:318 Micronas::MixParser::parse_conn_macros - __I_PARSER_CONN_MACRO	Found 0 macro definitions
2009/06/23 14:19:39 INFO> Reg.pm:304 Micronas::Reg::parse_register_master - __I_REG_INIT	Register-master file empty or sheet matching 'I2C' not found in any input file
2009/06/23 14:19:39 INFO> Reg.pm:313 Micronas::Reg::parse_register_master - __I_REG_INIT	XML file not present or empty
2009/06/23 14:19:39 WARN> MixParser.pm:4330 Micronas::MixParser::generate_port - __I_GENERATE_PORT	generate_port: signal asresi_n adds port asresi_n to instance di_tnr
2009/06/23 14:19:39 WARN> MixParser.pm:4330 Micronas::MixParser::generate_port - __I_GENERATE_PORT	generate_port: signal tnrs2y_iic_i adds port tnrs2y_iic_i to instance di_tnr
2009/06/23 14:19:39 WARN> MixParser.pm:4330 Micronas::MixParser::generate_port - __I_GENERATE_PORT	generate_port: signal y2_p1_i adds port y2_p1_i to instance di_tnr
2009/06/23 14:19:39 WARN> MixParser.pm:4330 Micronas::MixParser::generate_port - __I_GENERATE_PORT	generate_port: signal tnrs3y_iic_i adds port tnrs3y_iic_i to instance di_tnr
2009/06/23 14:19:39 WARN> MixParser.pm:4330 Micronas::MixParser::generate_port - __I_GENERATE_PORT	generate_port: signal af_c1_o adds port af_c1_o to instance di_tnr
2009/06/23 14:19:39 WARN> MixParser.pm:4330 Micronas::MixParser::generate_port - __I_GENERATE_PORT	generate_port: signal tnrs5c_iic_i adds port tnrs5c_iic_i to instance di_tnr
2009/06/23 14:19:39 WARN> MixParser.pm:4330 Micronas::MixParser::generate_port - __I_GENERATE_PORT	generate_port: signal hsync_p0_i adds port hsync_p0_i to instance di_tnr
2009/06/23 14:19:39 WARN> MixParser.pm:4330 Micronas::MixParser::generate_port - __I_GENERATE_PORT	generate_port: signal al_c1_o adds port al_c1_o to instance di_tnr
2009/06/23 14:19:39 WARN> MixParser.pm:4330 Micronas::MixParser::generate_port - __I_GENERATE_PORT	generate_port: signal c1_p1_i adds port c1_p1_i to instance di_tnr
2009/06/23 14:19:39 WARN> MixParser.pm:4330 Micronas::MixParser::generate_port - __I_GENERATE_PORT	generate_port: signal tnrs0c_iic_i adds port tnrs0c_iic_i to instance di_tnr
2009/06/23 14:19:39 WARN> MixParser.pm:4330 Micronas::MixParser::generate_port - __I_GENERATE_PORT	generate_port: signal nr_dis_c_i adds port nr_dis_c_i to instance di_tnr
2009/06/23 14:19:39 WARN> MixParser.pm:4330 Micronas::MixParser::generate_port - __I_GENERATE_PORT	generate_port: signal tnrs1y_iic_i adds port tnrs1y_iic_i to instance di_tnr
2009/06/23 14:19:39 WARN> MixParser.pm:4330 Micronas::MixParser::generate_port - __I_GENERATE_PORT	generate_port: signal req_p1_o adds port req_p1_o to instance di_tnr
2009/06/23 14:19:39 WARN> MixParser.pm:4330 Micronas::MixParser::generate_port - __I_GENERATE_PORT	generate_port: signal vsync_p0_i adds port vsync_p0_i to instance di_tnr
2009/06/23 14:19:39 WARN> MixParser.pm:4330 Micronas::MixParser::generate_port - __I_GENERATE_PORT	generate_port: signal field_p0_i adds port field_p0_i to instance di_tnr
2009/06/23 14:19:39 WARN> MixParser.pm:4330 Micronas::MixParser::generate_port - __I_GENERATE_PORT	generate_port: signal y0_p0_o adds port y0_p0_o to instance di_tnr
2009/06/23 14:19:39 WARN> MixParser.pm:4330 Micronas::MixParser::generate_port - __I_GENERATE_PORT	generate_port: signal y1_p1_o adds port y1_p1_o to instance di_tnr
2009/06/23 14:19:39 WARN> MixParser.pm:4330 Micronas::MixParser::generate_port - __I_GENERATE_PORT	generate_port: signal tnrmdnr4c_iic_i adds port tnrmdnr4c_iic_i to instance di_tnr
2009/06/23 14:19:39 WARN> MixParser.pm:4330 Micronas::MixParser::generate_port - __I_GENERATE_PORT	generate_port: signal c1_p1_o adds port c1_p1_o to instance di_tnr
2009/06/23 14:19:39 WARN> MixParser.pm:4330 Micronas::MixParser::generate_port - __I_GENERATE_PORT	generate_port: signal y2_p1_o adds port y2_p1_o to instance di_tnr
2009/06/23 14:19:39 WARN> MixParser.pm:4330 Micronas::MixParser::generate_port - __I_GENERATE_PORT	generate_port: signal tnrsel_iic_i adds port tnrsel_iic_i to instance di_tnr
2009/06/23 14:19:39 WARN> MixParser.pm:4330 Micronas::MixParser::generate_port - __I_GENERATE_PORT	generate_port: signal c0_p0_o adds port c0_p0_o to instance di_tnr
2009/06/23 14:19:39 WARN> MixParser.pm:4330 Micronas::MixParser::generate_port - __I_GENERATE_PORT	generate_port: signal fieldc_c1_o adds port fieldc_c1_o to instance di_tnr
2009/06/23 14:19:39 WARN> MixParser.pm:4330 Micronas::MixParser::generate_port - __I_GENERATE_PORT	generate_port: signal tnrs3c_iic_i adds port tnrs3c_iic_i to instance di_tnr
2009/06/23 14:19:39 WARN> MixParser.pm:4330 Micronas::MixParser::generate_port - __I_GENERATE_PORT	generate_port: signal tnrs1c_iic_i adds port tnrs1c_iic_i to instance di_tnr
2009/06/23 14:19:39 WARN> MixParser.pm:4330 Micronas::MixParser::generate_port - __I_GENERATE_PORT	generate_port: signal fieldy0_c1_o adds port fieldy0_c1_o to instance di_tnr
2009/06/23 14:19:39 WARN> MixParser.pm:4330 Micronas::MixParser::generate_port - __I_GENERATE_PORT	generate_port: signal tnrs4y_iic_i adds port tnrs4y_iic_i to instance di_tnr
2009/06/23 14:19:39 WARN> MixParser.pm:4330 Micronas::MixParser::generate_port - __I_GENERATE_PORT	generate_port: signal y1_p1_i adds port y1_p1_i to instance di_tnr
2009/06/23 14:19:39 WARN> MixParser.pm:4330 Micronas::MixParser::generate_port - __I_GENERATE_PORT	generate_port: signal tnrs5y_iic_i adds port tnrs5y_iic_i to instance di_tnr
2009/06/23 14:19:39 WARN> MixParser.pm:4330 Micronas::MixParser::generate_port - __I_GENERATE_PORT	generate_port: signal vsync_c1_o adds port vsync_c1_o to instance di_tnr
2009/06/23 14:19:39 WARN> MixParser.pm:4330 Micronas::MixParser::generate_port - __I_GENERATE_PORT	generate_port: signal yblack_p_i adds port yblack_p_i to instance di_tnr
2009/06/23 14:19:39 WARN> MixParser.pm:4330 Micronas::MixParser::generate_port - __I_GENERATE_PORT	generate_port: signal cblack_p_i adds port cblack_p_i to instance di_tnr
2009/06/23 14:19:39 WARN> MixParser.pm:4330 Micronas::MixParser::generate_port - __I_GENERATE_PORT	generate_port: signal tnrssc_iic_i adds port tnrssc_iic_i to instance di_tnr
2009/06/23 14:19:39 WARN> MixParser.pm:4330 Micronas::MixParser::generate_port - __I_GENERATE_PORT	generate_port: signal af_p0_i adds port af_p0_i to instance di_tnr
2009/06/23 14:19:39 WARN> MixParser.pm:4330 Micronas::MixParser::generate_port - __I_GENERATE_PORT	generate_port: signal ap_p0_i adds port ap_p0_i to instance di_tnr
2009/06/23 14:19:39 WARN> MixParser.pm:4330 Micronas::MixParser::generate_port - __I_GENERATE_PORT	generate_port: signal tnrs2c_iic_i adds port tnrs2c_iic_i to instance di_tnr
2009/06/23 14:19:39 WARN> MixParser.pm:4330 Micronas::MixParser::generate_port - __I_GENERATE_PORT	generate_port: signal tnrnr4y_iic_i adds port tnrnr4y_iic_i to instance di_tnr
2009/06/23 14:19:39 WARN> MixParser.pm:4330 Micronas::MixParser::generate_port - __I_GENERATE_PORT	generate_port: signal ap_c1_o adds port ap_c1_o to instance di_tnr
2009/06/23 14:19:39 WARN> MixParser.pm:4330 Micronas::MixParser::generate_port - __I_GENERATE_PORT	generate_port: signal tnrs7y_iic_i adds port tnrs7y_iic_i to instance di_tnr
2009/06/23 14:19:39 WARN> MixParser.pm:4330 Micronas::MixParser::generate_port - __I_GENERATE_PORT	generate_port: signal y0_p0_i adds port y0_p0_i to instance di_tnr
2009/06/23 14:19:39 WARN> MixParser.pm:4330 Micronas::MixParser::generate_port - __I_GENERATE_PORT	generate_port: signal al_p0_i adds port al_p0_i to instance di_tnr
2009/06/23 14:19:39 WARN> MixParser.pm:4330 Micronas::MixParser::generate_port - __I_GENERATE_PORT	generate_port: signal tnrabs_iic_i adds port tnrabs_iic_i to instance di_tnr
2009/06/23 14:19:39 WARN> MixParser.pm:4330 Micronas::MixParser::generate_port - __I_GENERATE_PORT	generate_port: signal tnrmd4y_iic_i adds port tnrmd4y_iic_i to instance di_tnr
2009/06/23 14:19:39 WARN> MixParser.pm:4330 Micronas::MixParser::generate_port - __I_GENERATE_PORT	generate_port: signal c0_p0_i adds port c0_p0_i to instance di_tnr
2009/06/23 14:19:39 WARN> MixParser.pm:4330 Micronas::MixParser::generate_port - __I_GENERATE_PORT	generate_port: signal tnrs6y_iic_i adds port tnrs6y_iic_i to instance di_tnr
2009/06/23 14:19:39 WARN> MixParser.pm:4330 Micronas::MixParser::generate_port - __I_GENERATE_PORT	generate_port: signal frafiesel_iic_i adds port frafiesel_iic_i to instance di_tnr
2009/06/23 14:19:39 WARN> MixParser.pm:4330 Micronas::MixParser::generate_port - __I_GENERATE_PORT	generate_port: signal uen_p0_i adds port uen_p0_i to instance di_tnr
2009/06/23 14:19:39 WARN> MixParser.pm:4330 Micronas::MixParser::generate_port - __I_GENERATE_PORT	generate_port: signal clkin adds port clkin to instance di_tnr
2009/06/23 14:19:39 WARN> MixParser.pm:4330 Micronas::MixParser::generate_port - __I_GENERATE_PORT	generate_port: signal tnrs4c_iic_i adds port tnrs4c_iic_i to instance di_tnr
2009/06/23 14:19:39 WARN> MixParser.pm:4330 Micronas::MixParser::generate_port - __I_GENERATE_PORT	generate_port: signal fieldy1_c1_o adds port fieldy1_c1_o to instance di_tnr
2009/06/23 14:19:39 WARN> MixParser.pm:4330 Micronas::MixParser::generate_port - __I_GENERATE_PORT	generate_port: signal tnrs6c_iic_i adds port tnrs6c_iic_i to instance di_tnr
2009/06/23 14:19:39 WARN> MixParser.pm:4330 Micronas::MixParser::generate_port - __I_GENERATE_PORT	generate_port: signal tnrssy_iic_i adds port tnrssy_iic_i to instance di_tnr
2009/06/23 14:19:39 WARN> MixParser.pm:4330 Micronas::MixParser::generate_port - __I_GENERATE_PORT	generate_port: signal tnrcly_iic_i adds port tnrcly_iic_i to instance di_tnr
2009/06/23 14:19:39 WARN> MixParser.pm:4330 Micronas::MixParser::generate_port - __I_GENERATE_PORT	generate_port: signal tnrclc_iic_i adds port tnrclc_iic_i to instance di_tnr
2009/06/23 14:19:39 WARN> MixParser.pm:4330 Micronas::MixParser::generate_port - __I_GENERATE_PORT	generate_port: signal nron_iic_i adds port nron_iic_i to instance di_tnr
2009/06/23 14:19:39 WARN> MixParser.pm:4330 Micronas::MixParser::generate_port - __I_GENERATE_PORT	generate_port: signal tnrs7c_iic_i adds port tnrs7c_iic_i to instance di_tnr
2009/06/23 14:19:39 WARN> MixParser.pm:4330 Micronas::MixParser::generate_port - __I_GENERATE_PORT	generate_port: signal tnrs0y_iic_i adds port tnrs0y_iic_i to instance di_tnr
2009/06/23 14:19:39 WARN> MixParser.pm:4330 Micronas::MixParser::generate_port - __I_GENERATE_PORT	generate_port: signal hsync_c1_o adds port hsync_c1_o to instance di_tnr
2009/06/23 14:19:39 WARN> MixParser.pm:4330 Micronas::MixParser::generate_port - __I_GENERATE_PORT	generate_port: signal uen_c1_o adds port uen_c1_o to instance di_tnr
2009/06/23 14:19:39 INFO> MixUtils.pm:3749 Micronas::MixUtils::write_sum - ============= SUMMARY =================
2009/06/23 14:19:39 INFO> MixUtils.pm:3750 Micronas::MixUtils::write_sum - SUM: Summary of checks and created items:
2009/06/23 14:19:39 INFO> MixUtils.pm:3753 Micronas::MixUtils::write_sum - SUM: checkforce 0
2009/06/23 14:19:39 INFO> MixUtils.pm:3753 Micronas::MixUtils::write_sum - SUM: checkunique 0
2009/06/23 14:19:39 INFO> MixUtils.pm:3753 Micronas::MixUtils::write_sum - SUM: checkwarn 0
2009/06/23 14:19:39 INFO> MixUtils.pm:3753 Micronas::MixUtils::write_sum - SUM: cmacros 0
2009/06/23 14:19:39 INFO> MixUtils.pm:3753 Micronas::MixUtils::write_sum - SUM: conn 65
2009/06/23 14:19:39 INFO> MixUtils.pm:3753 Micronas::MixUtils::write_sum - SUM: genport 59
2009/06/23 14:19:39 INFO> MixUtils.pm:3753 Micronas::MixUtils::write_sum - SUM: hdlfiles 12
2009/06/23 14:19:39 INFO> MixUtils.pm:3753 Micronas::MixUtils::write_sum - SUM: inst 10
2009/06/23 14:19:39 INFO> MixUtils.pm:3753 Micronas::MixUtils::write_sum - SUM: io_cell_single 0
2009/06/23 14:19:39 INFO> MixUtils.pm:3753 Micronas::MixUtils::write_sum - SUM: io_cellandpad 0
2009/06/23 14:19:39 INFO> MixUtils.pm:3753 Micronas::MixUtils::write_sum - SUM: io_pad_single 0
2009/06/23 14:19:39 INFO> MixUtils.pm:3753 Micronas::MixUtils::write_sum - SUM: multdriver 0
2009/06/23 14:19:39 INFO> MixUtils.pm:3753 Micronas::MixUtils::write_sum - SUM: nodriver 0
2009/06/23 14:19:39 INFO> MixUtils.pm:3753 Micronas::MixUtils::write_sum - SUM: noload 0
2009/06/23 14:19:39 INFO> MixUtils.pm:3753 Micronas::MixUtils::write_sum - SUM: openports 0
2009/06/23 14:19:39 INFO> MixUtils.pm:3753 Micronas::MixUtils::write_sum - SUM: port 86
2009/06/23 14:19:39 INFO> MixUtils.pm:3755 Micronas::MixUtils::write_sum - ======== ERRORS and WARNINGS ============
2009/06/23 14:19:39 INFO> MixUtils.pm:3756 Micronas::MixUtils::write_sum - SUM: Number of messages logged:
2009/06/23 14:19:39 INFO> MixUtils.pm:3759 Micronas::MixUtils::write_sum - SUM: debug 0
2009/06/23 14:19:39 INFO> MixUtils.pm:3759 Micronas::MixUtils::write_sum - SUM: error 0
2009/06/23 14:19:39 INFO> MixUtils.pm:3759 Micronas::MixUtils::write_sum - SUM: fatal 0
2009/06/23 14:19:39 INFO> MixUtils.pm:3759 Micronas::MixUtils::write_sum - SUM: info 11
2009/06/23 14:19:39 INFO> MixUtils.pm:3759 Micronas::MixUtils::write_sum - SUM: warn 61
2009/06/23 14:19:39 INFO> MixUtils.pm:3766 Micronas::MixUtils::write_sum - SUM: runtime: 0 seconds
2009/06/23 14:19:39 INFO> MixUtils.pm:3769 Micronas::MixUtils::write_sum - SUM: === Number of parsed input tables: ===
2009/06/23 14:19:39 INFO> MixUtils.pm:3771 Micronas::MixUtils::write_sum - SUM: conf 0
2009/06/23 14:19:39 INFO> MixUtils.pm:3771 Micronas::MixUtils::write_sum - SUM: hier 1
2009/06/23 14:19:39 INFO> MixUtils.pm:3771 Micronas::MixUtils::write_sum - SUM: conn 1
2009/06/23 14:19:39 INFO> MixUtils.pm:3771 Micronas::MixUtils::write_sum - SUM: io 0
2009/06/23 14:19:39 INFO> MixUtils.pm:3771 Micronas::MixUtils::write_sum - SUM: i2c 0
2009/06/23 14:19:39 INFO> MixUtils.pm:3771 Micronas::MixUtils::write_sum - SUM: xml 0
