This file contains any messages produced by compilers while
running configure, to aid debugging if configure makes a mistake.

It was created by mui configure 0.0.1, which was
generated by GNU Autoconf 2.59.  Invocation command line was

  $ ./configure --no-create --no-recursion

## --------- ##
## Platform. ##
## --------- ##

hostname = l-bauer.micronas.com
uname -m = i686
uname -r = 2.6.1
uname -s = Linux
uname -v = #2 SMP Wed Jan 21 11:04:59 CET 2004

/usr/bin/uname -p = unknown
/bin/uname -X     = unknown

/bin/arch              = i686
/usr/bin/arch -k       = unknown
/usr/convex/getsysinfo = unknown
hostinfo               = unknown
/bin/machine           = unknown
/usr/bin/oslevel       = unknown
/bin/universe          = unknown

PATH: /usr/local/bin
PATH: /usr/bin
PATH: /bin
PATH: /usr/X11R6/bin
PATH: /usr/sbin
PATH: /usr/ccs/bin


## ----------- ##
## Core tests. ##
## ----------- ##

configure:1357: checking for a BSD-compatible install
configure:1412: result: /usr/bin/install -c
configure:1423: checking whether build environment is sane
configure:1466: result: yes
configure:1499: checking for gawk
configure:1515: found /usr/bin/gawk
configure:1525: result: gawk
configure:1535: checking whether make sets $(MAKE)
configure:1555: result: yes
configure:1773: checking for gcc
configure:1789: found /usr/bin/gcc
configure:1799: result: gcc
configure:2043: checking for C compiler version
configure:2046: gcc --version </dev/null >&5
gcc (GCC) 3.2.2 20030222 (Red Hat Linux 3.2.2-5)
Copyright (C) 2002 Free Software Foundation, Inc.
This is free software; see the source for copying conditions.  There is NO
warranty; not even for MERCHANTABILITY or FITNESS FOR A PARTICULAR PURPOSE.

configure:2049: $? = 0
configure:2051: gcc -v </dev/null >&5
Reading specs from /usr/lib/gcc-lib/i386-redhat-linux/3.2.2/specs
Configured with: ../configure --prefix=/usr --mandir=/usr/share/man --infodir=/usr/share/info --enable-shared --enable-threads=posix --disable-checking --with-system-zlib --enable-__cxa_atexit --host=i386-redhat-linux
Thread model: posix
gcc version 3.2.2 20030222 (Red Hat Linux 3.2.2-5)
configure:2054: $? = 0
configure:2056: gcc -V </dev/null >&5
gcc: argument to `-V' is missing
configure:2059: $? = 1
configure:2082: checking for C compiler default output file name
configure:2085: gcc    conftest.c  >&5
configure:2088: $? = 0
configure:2134: result: a.out
configure:2139: checking whether the C compiler works
configure:2145: ./a.out
configure:2148: $? = 0
configure:2165: result: yes
configure:2172: checking whether we are cross compiling
configure:2174: result: no
configure:2177: checking for suffix of executables
configure:2179: gcc -o conftest    conftest.c  >&5
configure:2182: $? = 0
configure:2207: result: 
configure:2213: checking for suffix of object files
configure:2234: gcc -c   conftest.c >&5
configure:2237: $? = 0
configure:2259: result: o
configure:2263: checking whether we are using the GNU C compiler
configure:2287: gcc -c   conftest.c >&5
configure:2293: $? = 0
configure:2297: test -z 
			 || test ! -s conftest.err
configure:2300: $? = 0
configure:2303: test -s conftest.o
configure:2306: $? = 0
configure:2319: result: yes
configure:2325: checking whether gcc accepts -g
configure:2346: gcc -c -g  conftest.c >&5
configure:2352: $? = 0
configure:2356: test -z 
			 || test ! -s conftest.err
configure:2359: $? = 0
configure:2362: test -s conftest.o
configure:2365: $? = 0
configure:2376: result: yes
configure:2393: checking for gcc option to accept ANSI C
configure:2463: gcc  -c -g -O2  conftest.c >&5
configure:2469: $? = 0
configure:2473: test -z 
			 || test ! -s conftest.err
configure:2476: $? = 0
configure:2479: test -s conftest.o
configure:2482: $? = 0
configure:2500: result: none needed
configure:2518: gcc -c -g -O2  conftest.c >&5
conftest.c:2: parse error before "me"
configure:2524: $? = 1
configure: failed program was:
| #ifndef __cplusplus
|   choke me
| #endif
configure:2668: checking for style of include used by make
configure:2696: result: GNU
configure:2724: checking dependency style of gcc
configure:2807: result: gcc3
configure:2838: checking for a BSD-compatible install
configure:2893: result: /usr/bin/install -c
configure:2927: checking for perl
configure:2943: found /usr/local/bin/perl
configure:2953: result: perl
configure:2967: checking for Perl5 ccopts
configure:2974: result:  -D_REENTRANT -D_GNU_SOURCE -DTHREADS_HAVE_PIDS -DDEBUGGING -fno-strict-aliasing -I/usr/local/include -D_LARGEFILE_SOURCE -D_FILE_OFFSET_BITS=64 -I/usr/include/gdbm  -I/usr/lib/perl5/5.8.0/i386-linux-thread-multi/CORE 
configure:2978: checking for Perl5 ldopts
configure:2985: result: -rdynamic -Wl,-rpath,/usr/lib/perl5/5.8.0/i386-linux-thread-multi/CORE  -L/usr/local/lib /usr/lib/perl5/5.8.0/i386-linux-thread-multi/auto/DynaLoader/DynaLoader.a -L/usr/lib/perl5/5.8.0/i386-linux-thread-multi/CORE -lperl -lnsl -ldl -lm -lpthread -lc -lcrypt -lutil
configure:2999: checking for pkg-config
configure:3017: found /usr/bin/pkg-config
configure:3029: result: /usr/bin/pkg-config
configure:3077: checking how to run the C preprocessor
configure:3112: gcc -E  -I/usr/include/gtk-2.0 -I/usr/lib/gtk-2.0/include -I/usr/include/atk-1.0 -I/usr/include/pango-1.0 -I/usr/X11R6/include -I/usr/include/freetype2 -I/usr/include/glib-2.0 -I/usr/lib/glib-2.0/include   conftest.c
configure:3118: $? = 0
configure:3150: gcc -E  -I/usr/include/gtk-2.0 -I/usr/lib/gtk-2.0/include -I/usr/include/atk-1.0 -I/usr/include/pango-1.0 -I/usr/X11R6/include -I/usr/include/freetype2 -I/usr/include/glib-2.0 -I/usr/lib/glib-2.0/include   conftest.c
conftest.c:11:28: ac_nonexistent.h: No such file or directory
configure:3156: $? = 1
configure: failed program was:
| /* confdefs.h.  */
| 
| #define PACKAGE_NAME "mui"
| #define PACKAGE_TARNAME "mui"
| #define PACKAGE_VERSION "0.0.1"
| #define PACKAGE_STRING "mui 0.0.1"
| #define PACKAGE_BUGREPORT "alexander.bauer@micronas.com"
| #define PACKAGE "mui"
| #define VERSION "0.0.1"
| /* end confdefs.h.  */
| #include <ac_nonexistent.h>
configure:3195: result: gcc -E
configure:3219: gcc -E  -I/usr/include/gtk-2.0 -I/usr/lib/gtk-2.0/include -I/usr/include/atk-1.0 -I/usr/include/pango-1.0 -I/usr/X11R6/include -I/usr/include/freetype2 -I/usr/include/glib-2.0 -I/usr/lib/glib-2.0/include   conftest.c
configure:3225: $? = 0
configure:3257: gcc -E  -I/usr/include/gtk-2.0 -I/usr/lib/gtk-2.0/include -I/usr/include/atk-1.0 -I/usr/include/pango-1.0 -I/usr/X11R6/include -I/usr/include/freetype2 -I/usr/include/glib-2.0 -I/usr/lib/glib-2.0/include   conftest.c
conftest.c:11:28: ac_nonexistent.h: No such file or directory
configure:3263: $? = 1
configure: failed program was:
| /* confdefs.h.  */
| 
| #define PACKAGE_NAME "mui"
| #define PACKAGE_TARNAME "mui"
| #define PACKAGE_VERSION "0.0.1"
| #define PACKAGE_STRING "mui 0.0.1"
| #define PACKAGE_BUGREPORT "alexander.bauer@micronas.com"
| #define PACKAGE "mui"
| #define VERSION "0.0.1"
| /* end confdefs.h.  */
| #include <ac_nonexistent.h>
configure:3307: checking for egrep
configure:3317: result: grep -E
configure:3322: checking for ANSI C header files
configure:3347: gcc -c -g -O2  -I/usr/include/gtk-2.0 -I/usr/lib/gtk-2.0/include -I/usr/include/atk-1.0 -I/usr/include/pango-1.0 -I/usr/X11R6/include -I/usr/include/freetype2 -I/usr/include/glib-2.0 -I/usr/lib/glib-2.0/include   conftest.c >&5
configure:3353: $? = 0
configure:3357: test -z 
			 || test ! -s conftest.err
configure:3360: $? = 0
configure:3363: test -s conftest.o
configure:3366: $? = 0
configure:3452: gcc -o conftest -g -O2  -I/usr/include/gtk-2.0 -I/usr/lib/gtk-2.0/include -I/usr/include/atk-1.0 -I/usr/include/pango-1.0 -I/usr/X11R6/include -I/usr/include/freetype2 -I/usr/include/glib-2.0 -I/usr/lib/glib-2.0/include    conftest.c  >&5
configure:3455: $? = 0
configure:3457: ./conftest
configure:3460: $? = 0
configure:3475: result: yes
configure:3499: checking for sys/types.h
configure:3515: gcc -c -g -O2  -I/usr/include/gtk-2.0 -I/usr/lib/gtk-2.0/include -I/usr/include/atk-1.0 -I/usr/include/pango-1.0 -I/usr/X11R6/include -I/usr/include/freetype2 -I/usr/include/glib-2.0 -I/usr/lib/glib-2.0/include   conftest.c >&5
configure:3521: $? = 0
configure:3525: test -z 
			 || test ! -s conftest.err
configure:3528: $? = 0
configure:3531: test -s conftest.o
configure:3534: $? = 0
configure:3545: result: yes
configure:3499: checking for sys/stat.h
configure:3515: gcc -c -g -O2  -I/usr/include/gtk-2.0 -I/usr/lib/gtk-2.0/include -I/usr/include/atk-1.0 -I/usr/include/pango-1.0 -I/usr/X11R6/include -I/usr/include/freetype2 -I/usr/include/glib-2.0 -I/usr/lib/glib-2.0/include   conftest.c >&5
configure:3521: $? = 0
configure:3525: test -z 
			 || test ! -s conftest.err
configure:3528: $? = 0
configure:3531: test -s conftest.o
configure:3534: $? = 0
configure:3545: result: yes
configure:3499: checking for stdlib.h
configure:3515: gcc -c -g -O2  -I/usr/include/gtk-2.0 -I/usr/lib/gtk-2.0/include -I/usr/include/atk-1.0 -I/usr/include/pango-1.0 -I/usr/X11R6/include -I/usr/include/freetype2 -I/usr/include/glib-2.0 -I/usr/lib/glib-2.0/include   conftest.c >&5
configure:3521: $? = 0
configure:3525: test -z 
			 || test ! -s conftest.err
configure:3528: $? = 0
configure:3531: test -s conftest.o
configure:3534: $? = 0
configure:3545: result: yes
configure:3499: checking for string.h
configure:3515: gcc -c -g -O2  -I/usr/include/gtk-2.0 -I/usr/lib/gtk-2.0/include -I/usr/include/atk-1.0 -I/usr/include/pango-1.0 -I/usr/X11R6/include -I/usr/include/freetype2 -I/usr/include/glib-2.0 -I/usr/lib/glib-2.0/include   conftest.c >&5
configure:3521: $? = 0
configure:3525: test -z 
			 || test ! -s conftest.err
configure:3528: $? = 0
configure:3531: test -s conftest.o
configure:3534: $? = 0
configure:3545: result: yes
configure:3499: checking for memory.h
configure:3515: gcc -c -g -O2  -I/usr/include/gtk-2.0 -I/usr/lib/gtk-2.0/include -I/usr/include/atk-1.0 -I/usr/include/pango-1.0 -I/usr/X11R6/include -I/usr/include/freetype2 -I/usr/include/glib-2.0 -I/usr/lib/glib-2.0/include   conftest.c >&5
configure:3521: $? = 0
configure:3525: test -z 
			 || test ! -s conftest.err
configure:3528: $? = 0
configure:3531: test -s conftest.o
configure:3534: $? = 0
configure:3545: result: yes
configure:3499: checking for strings.h
configure:3515: gcc -c -g -O2  -I/usr/include/gtk-2.0 -I/usr/lib/gtk-2.0/include -I/usr/include/atk-1.0 -I/usr/include/pango-1.0 -I/usr/X11R6/include -I/usr/include/freetype2 -I/usr/include/glib-2.0 -I/usr/lib/glib-2.0/include   conftest.c >&5
configure:3521: $? = 0
configure:3525: test -z 
			 || test ! -s conftest.err
configure:3528: $? = 0
configure:3531: test -s conftest.o
configure:3534: $? = 0
configure:3545: result: yes
configure:3499: checking for inttypes.h
configure:3515: gcc -c -g -O2  -I/usr/include/gtk-2.0 -I/usr/lib/gtk-2.0/include -I/usr/include/atk-1.0 -I/usr/include/pango-1.0 -I/usr/X11R6/include -I/usr/include/freetype2 -I/usr/include/glib-2.0 -I/usr/lib/glib-2.0/include   conftest.c >&5
configure:3521: $? = 0
configure:3525: test -z 
			 || test ! -s conftest.err
configure:3528: $? = 0
configure:3531: test -s conftest.o
configure:3534: $? = 0
configure:3545: result: yes
configure:3499: checking for stdint.h
configure:3515: gcc -c -g -O2  -I/usr/include/gtk-2.0 -I/usr/lib/gtk-2.0/include -I/usr/include/atk-1.0 -I/usr/include/pango-1.0 -I/usr/X11R6/include -I/usr/include/freetype2 -I/usr/include/glib-2.0 -I/usr/lib/glib-2.0/include   conftest.c >&5
configure:3521: $? = 0
configure:3525: test -z 
			 || test ! -s conftest.err
configure:3528: $? = 0
configure:3531: test -s conftest.o
configure:3534: $? = 0
configure:3545: result: yes
configure:3499: checking for unistd.h
configure:3515: gcc -c -g -O2  -I/usr/include/gtk-2.0 -I/usr/lib/gtk-2.0/include -I/usr/include/atk-1.0 -I/usr/include/pango-1.0 -I/usr/X11R6/include -I/usr/include/freetype2 -I/usr/include/glib-2.0 -I/usr/lib/glib-2.0/include   conftest.c >&5
configure:3521: $? = 0
configure:3525: test -z 
			 || test ! -s conftest.err
configure:3528: $? = 0
configure:3531: test -s conftest.o
configure:3534: $? = 0
configure:3545: result: yes
configure:3567: checking gtk/gtk.h usability
configure:3579: gcc -c -g -O2  -I/usr/include/gtk-2.0 -I/usr/lib/gtk-2.0/include -I/usr/include/atk-1.0 -I/usr/include/pango-1.0 -I/usr/X11R6/include -I/usr/include/freetype2 -I/usr/include/glib-2.0 -I/usr/lib/glib-2.0/include   conftest.c >&5
configure:3585: $? = 0
configure:3589: test -z 
			 || test ! -s conftest.err
configure:3592: $? = 0
configure:3595: test -s conftest.o
configure:3598: $? = 0
configure:3608: result: yes
configure:3612: checking gtk/gtk.h presence
configure:3622: gcc -E  -I/usr/include/gtk-2.0 -I/usr/lib/gtk-2.0/include -I/usr/include/atk-1.0 -I/usr/include/pango-1.0 -I/usr/X11R6/include -I/usr/include/freetype2 -I/usr/include/glib-2.0 -I/usr/lib/glib-2.0/include   conftest.c
configure:3628: $? = 0
configure:3648: result: yes
configure:3683: checking for gtk/gtk.h
configure:3690: result: yes
configure:3716: checking glib.h usability
configure:3728: gcc -c -g -O2  -I/usr/include/gtk-2.0 -I/usr/lib/gtk-2.0/include -I/usr/include/atk-1.0 -I/usr/include/pango-1.0 -I/usr/X11R6/include -I/usr/include/freetype2 -I/usr/include/glib-2.0 -I/usr/lib/glib-2.0/include   conftest.c >&5
configure:3734: $? = 0
configure:3738: test -z 
			 || test ! -s conftest.err
configure:3741: $? = 0
configure:3744: test -s conftest.o
configure:3747: $? = 0
configure:3757: result: yes
configure:3761: checking glib.h presence
configure:3771: gcc -E  -I/usr/include/gtk-2.0 -I/usr/lib/gtk-2.0/include -I/usr/include/atk-1.0 -I/usr/include/pango-1.0 -I/usr/X11R6/include -I/usr/include/freetype2 -I/usr/include/glib-2.0 -I/usr/lib/glib-2.0/include   conftest.c
configure:3777: $? = 0
configure:3797: result: yes
configure:3832: checking for glib.h
configure:3839: result: yes
configure:3856: checking for ANSI C header files
configure:4009: result: yes
configure:4026: checking for stdlib.h
configure:4031: result: yes
configure:4026: checking for string.h
configure:4031: result: yes
configure:4026: checking for unistd.h
configure:4031: result: yes
configure:4173: checking for stdbool.h that conforms to C99
configure:4226: gcc -c -g -O2  -I/usr/include/gtk-2.0 -I/usr/lib/gtk-2.0/include -I/usr/include/atk-1.0 -I/usr/include/pango-1.0 -I/usr/X11R6/include -I/usr/include/freetype2 -I/usr/include/glib-2.0 -I/usr/lib/glib-2.0/include   conftest.c >&5
configure:4232: $? = 0
configure:4236: test -z 
			 || test ! -s conftest.err
configure:4239: $? = 0
configure:4242: test -s conftest.o
configure:4245: $? = 0
configure:4256: result: yes
configure:4258: checking for _Bool
configure:4282: gcc -c -g -O2  -I/usr/include/gtk-2.0 -I/usr/lib/gtk-2.0/include -I/usr/include/atk-1.0 -I/usr/include/pango-1.0 -I/usr/X11R6/include -I/usr/include/freetype2 -I/usr/include/glib-2.0 -I/usr/lib/glib-2.0/include   conftest.c >&5
configure:4288: $? = 0
configure:4292: test -z 
			 || test ! -s conftest.err
configure:4295: $? = 0
configure:4298: test -s conftest.o
configure:4301: $? = 0
configure:4312: result: yes
configure:4331: checking for an ANSI C-conforming const
configure:4398: gcc -c -g -O2  -I/usr/include/gtk-2.0 -I/usr/lib/gtk-2.0/include -I/usr/include/atk-1.0 -I/usr/include/pango-1.0 -I/usr/X11R6/include -I/usr/include/freetype2 -I/usr/include/glib-2.0 -I/usr/lib/glib-2.0/include   conftest.c >&5
configure:4404: $? = 0
configure:4408: test -z 
			 || test ! -s conftest.err
configure:4411: $? = 0
configure:4414: test -s conftest.o
configure:4417: $? = 0
configure:4428: result: yes
configure:4438: checking for inline
configure:4459: gcc -c -g -O2  -I/usr/include/gtk-2.0 -I/usr/lib/gtk-2.0/include -I/usr/include/atk-1.0 -I/usr/include/pango-1.0 -I/usr/X11R6/include -I/usr/include/freetype2 -I/usr/include/glib-2.0 -I/usr/lib/glib-2.0/include   conftest.c >&5
configure:4465: $? = 0
configure:4469: test -z 
			 || test ! -s conftest.err
configure:4472: $? = 0
configure:4475: test -s conftest.o
configure:4478: $? = 0
configure:4490: result: inline
configure:4509: checking for size_t
configure:4533: gcc -c -g -O2  -I/usr/include/gtk-2.0 -I/usr/lib/gtk-2.0/include -I/usr/include/atk-1.0 -I/usr/include/pango-1.0 -I/usr/X11R6/include -I/usr/include/freetype2 -I/usr/include/glib-2.0 -I/usr/lib/glib-2.0/include   conftest.c >&5
configure:4539: $? = 0
configure:4543: test -z 
			 || test ! -s conftest.err
configure:4546: $? = 0
configure:4549: test -s conftest.o
configure:4552: $? = 0
configure:4563: result: yes
configure:4575: checking whether time.h and sys/time.h may both be included
configure:4600: gcc -c -g -O2  -I/usr/include/gtk-2.0 -I/usr/lib/gtk-2.0/include -I/usr/include/atk-1.0 -I/usr/include/pango-1.0 -I/usr/X11R6/include -I/usr/include/freetype2 -I/usr/include/glib-2.0 -I/usr/lib/glib-2.0/include   conftest.c >&5
configure:4606: $? = 0
configure:4610: test -z 
			 || test ! -s conftest.err
configure:4613: $? = 0
configure:4616: test -s conftest.o
configure:4619: $? = 0
configure:4630: result: yes
configure:4647: checking for stdlib.h
configure:4652: result: yes
configure:4792: checking for GNU libc compatible malloc
configure:4821: gcc -o conftest -g -O2  -I/usr/include/gtk-2.0 -I/usr/lib/gtk-2.0/include -I/usr/include/atk-1.0 -I/usr/include/pango-1.0 -I/usr/X11R6/include -I/usr/include/freetype2 -I/usr/include/glib-2.0 -I/usr/lib/glib-2.0/include    conftest.c  >&5
configure:4824: $? = 0
configure:4826: ./conftest
configure:4829: $? = 0
configure:4843: result: yes
configure:4985: creating ./config.status

## ---------------- ##
## Cache variables. ##
## ---------------- ##

ac_cv_c_compiler_gnu=yes
ac_cv_c_const=yes
ac_cv_c_inline=inline
ac_cv_env_CC_set=
ac_cv_env_CC_value=
ac_cv_env_CFLAGS_set=
ac_cv_env_CFLAGS_value=
ac_cv_env_CPPFLAGS_set=
ac_cv_env_CPPFLAGS_value=
ac_cv_env_CPP_set=
ac_cv_env_CPP_value=
ac_cv_env_LDFLAGS_set=
ac_cv_env_LDFLAGS_value=
ac_cv_env_build_alias_set=
ac_cv_env_build_alias_value=
ac_cv_env_host_alias_set=
ac_cv_env_host_alias_value=
ac_cv_env_target_alias_set=
ac_cv_env_target_alias_value=
ac_cv_exeext=
ac_cv_func_malloc_0_nonnull=yes
ac_cv_header_glib_h=yes
ac_cv_header_gtk_gtk_h=yes
ac_cv_header_inttypes_h=yes
ac_cv_header_memory_h=yes
ac_cv_header_stdbool_h=yes
ac_cv_header_stdc=yes
ac_cv_header_stdint_h=yes
ac_cv_header_stdlib_h=yes
ac_cv_header_string_h=yes
ac_cv_header_strings_h=yes
ac_cv_header_sys_stat_h=yes
ac_cv_header_sys_types_h=yes
ac_cv_header_time=yes
ac_cv_header_unistd_h=yes
ac_cv_objext=o
ac_cv_path_PKG_CONFIG=/usr/bin/pkg-config
ac_cv_path_install='/usr/bin/install -c'
ac_cv_prog_AWK=gawk
ac_cv_prog_CPP='gcc -E'
ac_cv_prog_PERL=perl
ac_cv_prog_ac_ct_CC=gcc
ac_cv_prog_cc_g=yes
ac_cv_prog_cc_stdc=
ac_cv_prog_egrep='grep -E'
ac_cv_prog_make_make_set=yes
ac_cv_type__Bool=yes
ac_cv_type_size_t=yes
am_cv_CC_dependencies_compiler_type=gcc3

## ----------------- ##
## Output variables. ##
## ----------------- ##

ACLOCAL='${SHELL} /home/abauer/src/MIX/mui/missing --run aclocal-1.7'
AMDEPBACKSLASH='\'
AMDEP_FALSE='#'
AMDEP_TRUE=''
AMTAR='${SHELL} /home/abauer/src/MIX/mui/missing --run tar'
AUTOCONF='${SHELL} /home/abauer/src/MIX/mui/missing --run autoconf'
AUTOHEADER='${SHELL} /home/abauer/src/MIX/mui/missing --run autoheader'
AUTOMAKE='${SHELL} /home/abauer/src/MIX/mui/missing --run automake-1.7'
AWK='gawk'
CC='gcc'
CCDEPMODE='depmode=gcc3'
CFLAGS='-g -O2'
CPP='gcc -E'
CPPFLAGS=' -I/usr/include/gtk-2.0 -I/usr/lib/gtk-2.0/include -I/usr/include/atk-1.0 -I/usr/include/pango-1.0 -I/usr/X11R6/include -I/usr/include/freetype2 -I/usr/include/glib-2.0 -I/usr/lib/glib-2.0/include  '
CYGPATH_W='echo'
DEFS='-DHAVE_CONFIG_H'
DEPDIR='.deps'
ECHO_C=''
ECHO_N='-n'
ECHO_T=''
EGREP='grep -E'
EXEEXT=''
GLIB_LDFLAGS='-lglib-2.0  '
GTK_INCLUDE=''
GTK_LDFLAGS='-Wl,--export-dynamic -lgtk-x11-2.0 -lgdk-x11-2.0 -latk-1.0 -lgdk_pixbuf-2.0 -lm -lpangoxft-1.0 -lpangox-1.0 -lpango-1.0 -lgobject-2.0 -lgmodule-2.0 -ldl -lglib-2.0  '
INSTALL_DATA='${INSTALL} -m 644'
INSTALL_PROGRAM='${INSTALL}'
INSTALL_SCRIPT='${INSTALL}'
INSTALL_STRIP_PROGRAM='${SHELL} $(install_sh) -c -s'
LDFLAGS=''
LIBOBJS=''
LIBS=''
LTLIBOBJS=''
MAKEINFO='${SHELL} /home/abauer/src/MIX/mui/missing --run makeinfo'
OBJEXT='o'
PACKAGE='mui'
PACKAGE_BUGREPORT='alexander.bauer@micronas.com'
PACKAGE_NAME='mui'
PACKAGE_STRING='mui 0.0.1'
PACKAGE_TARNAME='mui'
PACKAGE_VERSION='0.0.1'
PATH_SEPARATOR=':'
PERL5_CCOPTS=' -D_REENTRANT -D_GNU_SOURCE -DTHREADS_HAVE_PIDS -DDEBUGGING -fno-strict-aliasing -I/usr/local/include -D_LARGEFILE_SOURCE -D_FILE_OFFSET_BITS=64 -I/usr/include/gdbm  -I/usr/lib/perl5/5.8.0/i386-linux-thread-multi/CORE '
PERL5_LDOPTS='-rdynamic -Wl,-rpath,/usr/lib/perl5/5.8.0/i386-linux-thread-multi/CORE  -L/usr/local/lib /usr/lib/perl5/5.8.0/i386-linux-thread-multi/auto/DynaLoader/DynaLoader.a -L/usr/lib/perl5/5.8.0/i386-linux-thread-multi/CORE -lperl -lnsl -ldl -lm -lpthread -lc -lcrypt -lutil'
PERL='perl'
PKG_CONFIG='/usr/bin/pkg-config'
SET_MAKE=''
SHELL='/bin/sh'
STRIP=''
VERSION='0.0.1'
ac_ct_CC='gcc'
ac_ct_STRIP=''
am__fastdepCC_FALSE='#'
am__fastdepCC_TRUE=''
am__include='include'
am__leading_dot='.'
am__quote=''
bindir='${exec_prefix}/bin'
build_alias=''
datadir='${prefix}/share'
exec_prefix='${prefix}'
host_alias=''
includedir='${prefix}/include'
infodir='${prefix}/info'
install_sh='/home/abauer/src/MIX/mui/install-sh'
libdir='${exec_prefix}/lib'
libexecdir='${exec_prefix}/libexec'
localstatedir='${prefix}/var'
mandir='${prefix}/man'
oldincludedir='/usr/include'
prefix='/usr/local'
program_transform_name='s,x,x,'
sbindir='${exec_prefix}/sbin'
sharedstatedir='${prefix}/com'
sysconfdir='${prefix}/etc'
target_alias=''

## ----------- ##
## confdefs.h. ##
## ----------- ##

#define HAVE_INTTYPES_H 1
#define HAVE_MALLOC 1
#define HAVE_MEMORY_H 1
#define HAVE_STDBOOL_H 1
#define HAVE_STDINT_H 1
#define HAVE_STDLIB_H 1
#define HAVE_STDLIB_H 1
#define HAVE_STDLIB_H 1
#define HAVE_STRINGS_H 1
#define HAVE_STRING_H 1
#define HAVE_STRING_H 1
#define HAVE_SYS_STAT_H 1
#define HAVE_SYS_TYPES_H 1
#define HAVE_UNISTD_H 1
#define HAVE_UNISTD_H 1
#define HAVE__BOOL 1
#define PACKAGE "mui"
#define PACKAGE_BUGREPORT "alexander.bauer@micronas.com"
#define PACKAGE_NAME "mui"
#define PACKAGE_STRING "mui 0.0.1"
#define PACKAGE_TARNAME "mui"
#define PACKAGE_VERSION "0.0.1"
#define STDC_HEADERS 1
#define STDC_HEADERS 1
#define TIME_WITH_SYS_TIME 1
#define VERSION "0.0.1"

configure: exit 0

## ---------------------- ##
## Running config.status. ##
## ---------------------- ##

This file was extended by mui config.status 0.0.1, which was
generated by GNU Autoconf 2.59.  Invocation command line was

  CONFIG_FILES    = 
  CONFIG_HEADERS  = 
  CONFIG_LINKS    = 
  CONFIG_COMMANDS = 
  $ ./config.status Makefile

on l-bauer.micronas.com

config.status:694: creating Makefile

## ---------------------- ##
## Running config.status. ##
## ---------------------- ##

This file was extended by mui config.status 0.0.1, which was
generated by GNU Autoconf 2.59.  Invocation command line was

  CONFIG_FILES    = 
  CONFIG_HEADERS  = 
  CONFIG_LINKS    = 
  CONFIG_COMMANDS = 
  $ ./config.status src/Makefile depfiles

on l-bauer.micronas.com

config.status:694: creating src/Makefile
config.status:1102: executing depfiles commands

## ---------------------- ##
## Running config.status. ##
## ---------------------- ##

This file was extended by mui config.status 0.0.1, which was
generated by GNU Autoconf 2.59.  Invocation command line was

  CONFIG_FILES    = 
  CONFIG_HEADERS  = 
  CONFIG_LINKS    = 
  CONFIG_COMMANDS = 
  $ ./config.status src/config.h

on l-bauer.micronas.com

config.status:798: creating src/config.h
config.status:922: src/config.h is unchanged
