05/10/14 12:20:24 ########################################################################
05/10/14 12:20:24 CMDLINE: vgch_join.pl a_clk.xls
05/10/14 12:20:25 
#######################################################################
##### vgch_join.pl (Revision:)
#####
##### MIX  
#####   MixUtils    1.74 $
#####   MixUtils::IO    1.28 $
##### Copyright(c) Micronas GmbH 2002/2005 ALL RIGHTS RESERVED
#######################################################################
05/10/14 12:23:20 ########################################################################
05/10/14 12:23:20 CMDLINE: vgch_join.pl a_clk.xls
05/10/14 12:23:20 
#######################################################################
##### vgch_join.pl (Revision:)
#####
##### MIX  
#####   MixUtils    1.74 $
#####   MixUtils::IO    1.28 $
##### Copyright(c) Micronas GmbH 2002/2005 ALL RIGHTS RESERVED
#######################################################################
05/10/14 12:25:41 Reading worksheet Issues of H:/work/eclipse/MIX/a_clk.xls
05/10/14 12:28:02 ########################################################################
05/10/14 12:28:02 CMDLINE: vgch_join.pl a_clk.xls
05/10/14 12:28:03 
#######################################################################
##### vgch_join.pl (Revision:)
#####
##### MIX  
#####   MixUtils    1.74 $
#####   MixUtils::IO    1.28 $
##### Copyright(c) Micronas GmbH 2002/2005 ALL RIGHTS RESERVED
#######################################################################
05/10/14 12:28:04 Reading worksheet Issues of H:/work/eclipse/MIX/a_clk.xls
05/10/14 12:28:04 Reading worksheet Tabelle7 of H:/work/eclipse/MIX/a_clk.xls
05/10/14 12:28:04 WARNING: Sheet Tabelle7 holds no content (__FILE__/__LINE__)
05/10/14 12:28:04 Reading worksheet Regression test of H:/work/eclipse/MIX/a_clk.xls
05/10/14 12:28:04 Reading worksheet Struct of H:/work/eclipse/MIX/a_clk.xls
05/10/14 12:28:04 Reading worksheet HIER of H:/work/eclipse/MIX/a_clk.xls
05/10/14 12:28:04 Reading worksheet CONN of H:/work/eclipse/MIX/a_clk.xls
05/10/14 12:28:56 ########################################################################
05/10/14 12:28:56 CMDLINE: vgch_join.pl a_clk.xls
05/10/14 12:28:56 
#######################################################################
##### vgch_join.pl (Revision:)
#####
##### MIX  
#####   MixUtils    1.74 $
#####   MixUtils::IO    1.28 $
##### Copyright(c) Micronas GmbH 2002/2005 ALL RIGHTS RESERVED
#######################################################################
05/10/14 12:29:32 Reading worksheet Issues of H:/work/eclipse/MIX/a_clk.xls
05/10/14 12:35:12 ########################################################################
05/10/14 12:35:12 CMDLINE: vgch_join.pl a_clk.xls
05/10/14 12:35:12 
#######################################################################
##### vgch_join.pl (Revision:)
#####
##### MIX  
#####   MixUtils    1.74 $
#####   MixUtils::IO    1.28 $
##### Copyright(c) Micronas GmbH 2002/2005 ALL RIGHTS RESERVED
#######################################################################
05/10/14 12:35:32 Reading worksheet Issues of H:/work/eclipse/MIX/a_clk.xls
05/10/14 12:35:57 Reading worksheet Tabelle7 of H:/work/eclipse/MIX/a_clk.xls
05/10/14 12:35:57 WARNING: Sheet Tabelle7 holds no content (__FILE__/__LINE__)
05/10/14 12:35:57 Reading worksheet Regression test of H:/work/eclipse/MIX/a_clk.xls
05/10/14 12:35:59 Reading worksheet Struct of H:/work/eclipse/MIX/a_clk.xls
05/10/14 12:36:01 Reading worksheet HIER of H:/work/eclipse/MIX/a_clk.xls
05/10/14 12:36:07 Reading worksheet CONN of H:/work/eclipse/MIX/a_clk.xls
05/10/14 12:37:28 WARNING: WARNING: Failed to detect header in worksheet of type default
05/10/14 12:38:14 WARNING: WARNING: Failed to detect header in worksheet of type default
05/10/14 12:38:55 WARNING: WARNING: Failed to detect header in worksheet of type default
05/10/14 12:39:16 WARNING: WARNING: Failed to detect header in worksheet of type default
05/10/14 12:43:06 ########################################################################
05/10/14 12:43:06 CMDLINE: vgch_join.pl a_clk.xls
05/10/14 12:43:06 
#######################################################################
##### vgch_join.pl (Revision:)
#####
##### MIX  
#####   MixUtils    1.74 $
#####   MixUtils::IO    1.28 $
##### Copyright(c) Micronas GmbH 2002/2005 ALL RIGHTS RESERVED
#######################################################################
05/10/14 12:57:32 Reading worksheet Issues of H:/work/eclipse/MIX/a_clk.xls
05/10/14 12:58:56 Reading worksheet Tabelle7 of H:/work/eclipse/MIX/a_clk.xls
05/10/14 12:58:56 WARNING: Sheet Tabelle7 holds no content (__FILE__/__LINE__)
05/10/14 12:58:57 Reading worksheet Regression test of H:/work/eclipse/MIX/a_clk.xls
05/10/14 12:59:00 Reading worksheet Struct of H:/work/eclipse/MIX/a_clk.xls
05/10/14 12:59:00 Reading worksheet HIER of H:/work/eclipse/MIX/a_clk.xls
05/10/14 12:59:01 Reading worksheet CONN of H:/work/eclipse/MIX/a_clk.xls
05/10/14 13:00:25 WARNING: WARNING: Failed to detect header in worksheet of type default
05/10/14 13:01:22 WARNING: WARNING: Bad name in header row: mode regarding what? Current or top 1, type default, skipping!
05/10/14 13:01:22 WARNING: Empty header in column 2, sheet-type default, skipping!
05/10/14 13:01:22 WARNING: Empty header in column 3, sheet-type default, skipping!
05/10/14 13:01:22 WARNING: WARNING: Bad name in header row: wig20021112 4, type default, skipping!
05/10/14 13:01:22 WARNING: Empty header in column 5, sheet-type default, skipping!
05/10/14 13:01:22 WARNING: WARNING: Missing required field ::ign in input array!
05/10/14 13:01:22 Added new column header ::mode
05/10/14 13:01:22 Added new column header mode regarding what? Current or top
05/10/14 13:01:22 Added new column header wig20021112
05/10/14 13:02:28 Added new column header ::gen
05/10/14 13:02:28 Added new column header ::variants
05/10/14 13:02:28 Added new column header ::parent
05/10/14 13:02:28 Added new column header ::inst
05/10/14 13:02:28 Added new column header ::lang
05/10/14 13:02:28 Added new column header ::entity
05/10/14 13:02:28 Added new column header ::config
05/10/14 13:04:11 Added new column header ::bundle
05/10/14 13:04:11 Added new column header ::class
05/10/14 13:04:11 Added new column header ::clock
05/10/14 13:04:11 Added new column header ::type
05/10/14 13:04:11 Added new column header ::high
05/10/14 13:04:11 Added new column header ::low
05/10/14 13:04:11 Added new column header ::name
05/10/14 13:04:11 Added new column header ::out
05/10/14 13:04:11 Added new column header ::in
05/10/14 13:04:11 Added new column header ::descr
05/10/14 13:07:42 WARNING: WARNING: Failed to detect header in worksheet of type default
05/10/14 13:19:59 ########################################################################
05/10/14 13:19:59 CMDLINE: vgch_join.pl a_clk.xls
05/10/14 13:19:59 
#######################################################################
##### vgch_join.pl (Revision:)
#####
##### MIX  
#####   MixUtils    1.74 $
#####   MixUtils::IO    1.28 $
##### Copyright(c) Micronas GmbH 2002/2005 ALL RIGHTS RESERVED
#######################################################################
05/10/14 13:20:00 Reading worksheet Issues of H:/work/eclipse/MIX/a_clk.xls
05/10/14 13:20:00 Reading worksheet Tabelle7 of H:/work/eclipse/MIX/a_clk.xls
05/10/14 13:20:00 WARNING: Sheet Tabelle7 holds no content (__FILE__/__LINE__)
05/10/14 13:20:00 Reading worksheet Regression test of H:/work/eclipse/MIX/a_clk.xls
05/10/14 13:20:00 Reading worksheet Struct of H:/work/eclipse/MIX/a_clk.xls
05/10/14 13:20:00 Reading worksheet HIER of H:/work/eclipse/MIX/a_clk.xls
05/10/14 13:20:00 Reading worksheet CONN of H:/work/eclipse/MIX/a_clk.xls
05/10/14 13:20:00 WARNING: WARNING: Failed to detect header in worksheet of type default
05/10/14 13:20:00 WARNING: WARNING: Bad name in header row: mode regarding what? Current or top 1, type default, skipping!
05/10/14 13:20:00 WARNING: Empty header in column 2, sheet-type default, skipping!
05/10/14 13:20:00 WARNING: Empty header in column 3, sheet-type default, skipping!
05/10/14 13:20:00 WARNING: WARNING: Bad name in header row: wig20021112 4, type default, skipping!
05/10/14 13:20:00 WARNING: Empty header in column 5, sheet-type default, skipping!
05/10/14 13:20:00 WARNING: WARNING: Missing required field ::ign in input array!
05/10/14 13:20:00 Added new column header ::mode
05/10/14 13:20:00 Added new column header mode regarding what? Current or top
05/10/14 13:20:00 Added new column header wig20021112
05/10/14 13:20:00 Added new column header ::gen
05/10/14 13:20:00 Added new column header ::variants
05/10/14 13:20:00 Added new column header ::parent
05/10/14 13:20:00 Added new column header ::inst
05/10/14 13:20:00 Added new column header ::lang
05/10/14 13:20:00 Added new column header ::entity
05/10/14 13:20:00 Added new column header ::config
05/10/14 13:20:00 Added new column header ::bundle
05/10/14 13:20:00 Added new column header ::class
05/10/14 13:20:00 Added new column header ::clock
05/10/14 13:20:00 Added new column header ::type
05/10/14 13:20:00 Added new column header ::high
05/10/14 13:20:00 Added new column header ::low
05/10/14 13:20:00 Added new column header ::name
05/10/14 13:20:00 Added new column header ::out
05/10/14 13:20:00 Added new column header ::in
05/10/14 13:20:00 Added new column header ::descr
05/10/14 13:20:00 WARNING: WARNING: Failed to detect header in worksheet of type default
05/10/14 13:22:13 ########################################################################
05/10/14 13:22:13 CMDLINE: vgch_join.pl a_clk.xls
05/10/14 13:22:13 
#######################################################################
##### vgch_join.pl (Revision:)
#####
##### MIX  
#####   MixUtils    1.74 $
#####   MixUtils::IO    1.28 $
##### Copyright(c) Micronas GmbH 2002/2005 ALL RIGHTS RESERVED
#######################################################################
05/10/14 13:22:14 Reading worksheet Issues of H:/work/eclipse/MIX/a_clk.xls
05/10/14 13:22:14 Reading worksheet Tabelle7 of H:/work/eclipse/MIX/a_clk.xls
05/10/14 13:22:14 WARNING: Sheet Tabelle7 holds no content (__FILE__/__LINE__)
05/10/14 13:22:14 Reading worksheet Regression test of H:/work/eclipse/MIX/a_clk.xls
05/10/14 13:22:14 Reading worksheet Struct of H:/work/eclipse/MIX/a_clk.xls
05/10/14 13:22:14 Reading worksheet HIER of H:/work/eclipse/MIX/a_clk.xls
05/10/14 13:22:14 Reading worksheet CONN of H:/work/eclipse/MIX/a_clk.xls
05/10/14 13:22:14 WARNING: WARNING: Failed to detect header in worksheet of type default
05/10/14 13:22:14 WARNING: WARNING: Bad name in header row: mode regarding what? Current or top 1, type default, skipping!
05/10/14 13:22:14 WARNING: Empty header in column 2, sheet-type default, skipping!
05/10/14 13:22:14 WARNING: Empty header in column 3, sheet-type default, skipping!
05/10/14 13:22:14 WARNING: WARNING: Bad name in header row: wig20021112 4, type default, skipping!
05/10/14 13:22:14 WARNING: Empty header in column 5, sheet-type default, skipping!
05/10/14 13:22:14 WARNING: WARNING: Missing required field ::ign in input array!
05/10/14 13:22:14 Added new column header ::mode
05/10/14 13:22:14 Added new column header mode regarding what? Current or top
05/10/14 13:22:14 Added new column header wig20021112
05/10/14 13:22:14 Added new column header ::gen
05/10/14 13:22:14 Added new column header ::variants
05/10/14 13:22:14 Added new column header ::parent
05/10/14 13:22:14 Added new column header ::inst
05/10/14 13:22:14 Added new column header ::lang
05/10/14 13:22:14 Added new column header ::entity
05/10/14 13:22:14 Added new column header ::config
05/10/14 13:22:14 Added new column header ::bundle
05/10/14 13:22:14 Added new column header ::class
05/10/14 13:22:14 Added new column header ::clock
05/10/14 13:22:14 Added new column header ::type
05/10/14 13:22:14 Added new column header ::high
05/10/14 13:22:14 Added new column header ::low
05/10/14 13:22:14 Added new column header ::name
05/10/14 13:22:14 Added new column header ::out
05/10/14 13:22:14 Added new column header ::in
05/10/14 13:22:14 Added new column header ::descr
05/10/14 13:22:14 WARNING: WARNING: Failed to detect header in worksheet of type default
05/10/14 13:25:20 ########################################################################
05/10/14 13:25:20 CMDLINE: vgch_join.pl a_clk.xls
05/10/14 13:25:20 
#######################################################################
##### vgch_join.pl (Revision:)
#####
##### MIX  
#####   MixUtils    1.74 $
#####   MixUtils::IO    1.28 $
##### Copyright(c) Micronas GmbH 2002/2005 ALL RIGHTS RESERVED
#######################################################################
05/10/14 13:25:21 Reading worksheet Issues of H:/work/eclipse/MIX/a_clk.xls
05/10/14 13:25:21 Reading worksheet Tabelle7 of H:/work/eclipse/MIX/a_clk.xls
05/10/14 13:25:21 WARNING: Sheet Tabelle7 holds no content (__FILE__/__LINE__)
05/10/14 13:25:21 Reading worksheet Regression test of H:/work/eclipse/MIX/a_clk.xls
05/10/14 13:25:21 Reading worksheet Struct of H:/work/eclipse/MIX/a_clk.xls
05/10/14 13:25:21 Reading worksheet HIER of H:/work/eclipse/MIX/a_clk.xls
05/10/14 13:25:21 Reading worksheet CONN of H:/work/eclipse/MIX/a_clk.xls
05/10/14 13:25:21 WARNING: WARNING: Failed to detect header in worksheet of type default
05/10/14 13:25:21 WARNING: WARNING: Bad name in header row: mode regarding what? Current or top 1, type default, skipping!
05/10/14 13:25:21 WARNING: Empty header in column 2, sheet-type default, skipping!
05/10/14 13:25:21 WARNING: Empty header in column 3, sheet-type default, skipping!
05/10/14 13:25:21 WARNING: WARNING: Bad name in header row: wig20021112 4, type default, skipping!
05/10/14 13:25:21 WARNING: Empty header in column 5, sheet-type default, skipping!
05/10/14 13:25:21 WARNING: WARNING: Missing required field ::ign in input array!
05/10/14 13:25:21 Added new column header ::mode
05/10/14 13:25:21 Added new column header mode regarding what? Current or top
05/10/14 13:25:21 Added new column header wig20021112
05/10/14 13:25:21 Added new column header ::gen
05/10/14 13:25:21 Added new column header ::variants
05/10/14 13:25:21 Added new column header ::parent
05/10/14 13:25:21 Added new column header ::inst
05/10/14 13:25:21 Added new column header ::lang
05/10/14 13:25:21 Added new column header ::entity
05/10/14 13:25:21 Added new column header ::config
05/10/14 13:25:21 Added new column header ::bundle
05/10/14 13:25:21 Added new column header ::class
05/10/14 13:25:21 Added new column header ::clock
05/10/14 13:25:21 Added new column header ::type
05/10/14 13:25:21 Added new column header ::high
05/10/14 13:25:21 Added new column header ::low
05/10/14 13:25:21 Added new column header ::name
05/10/14 13:25:21 Added new column header ::out
05/10/14 13:25:21 Added new column header ::in
05/10/14 13:25:21 Added new column header ::descr
05/10/14 13:25:21 WARNING: WARNING: Failed to detect header in worksheet of type default
05/10/14 13:27:44 ########################################################################
05/10/14 13:27:44 CMDLINE: vgch_join.pl a_clk.xls
05/10/14 13:27:44 
#######################################################################
##### vgch_join.pl (Revision:)
#####
##### MIX  
#####   MixUtils    1.74 $
#####   MixUtils::IO    1.28 $
##### Copyright(c) Micronas GmbH 2002/2005 ALL RIGHTS RESERVED
#######################################################################
05/10/14 13:27:45 Reading worksheet Issues of H:/work/eclipse/MIX/a_clk.xls
05/10/14 13:27:45 Reading worksheet Tabelle7 of H:/work/eclipse/MIX/a_clk.xls
05/10/14 13:27:45 WARNING: Sheet Tabelle7 holds no content (__FILE__/__LINE__)
05/10/14 13:27:45 Reading worksheet Regression test of H:/work/eclipse/MIX/a_clk.xls
05/10/14 13:27:45 Reading worksheet Struct of H:/work/eclipse/MIX/a_clk.xls
05/10/14 13:27:45 Reading worksheet HIER of H:/work/eclipse/MIX/a_clk.xls
05/10/14 13:27:45 Reading worksheet CONN of H:/work/eclipse/MIX/a_clk.xls
05/10/14 13:27:45 WARNING: WARNING: Failed to detect header in worksheet of type default
05/10/14 13:27:45 WARNING: WARNING: Bad name in header row: mode regarding what? Current or top 1, type default, skipping!
05/10/14 13:27:45 WARNING: Empty header in column 2, sheet-type default, skipping!
05/10/14 13:27:45 WARNING: Empty header in column 3, sheet-type default, skipping!
05/10/14 13:27:45 WARNING: WARNING: Bad name in header row: wig20021112 4, type default, skipping!
05/10/14 13:27:45 WARNING: Empty header in column 5, sheet-type default, skipping!
05/10/14 13:27:45 WARNING: WARNING: Missing required field ::ign in input array!
05/10/14 13:27:45 Added new column header ::mode
05/10/14 13:27:45 Added new column header mode regarding what? Current or top
05/10/14 13:27:45 Added new column header wig20021112
05/10/14 13:27:45 Added new column header ::gen
05/10/14 13:27:45 Added new column header ::variants
05/10/14 13:27:45 Added new column header ::parent
05/10/14 13:27:45 Added new column header ::inst
05/10/14 13:27:45 Added new column header ::lang
05/10/14 13:27:45 Added new column header ::entity
05/10/14 13:27:45 Added new column header ::config
05/10/14 13:27:45 Added new column header ::bundle
05/10/14 13:27:45 Added new column header ::class
05/10/14 13:27:45 Added new column header ::clock
05/10/14 13:27:45 Added new column header ::type
05/10/14 13:27:45 Added new column header ::high
05/10/14 13:27:45 Added new column header ::low
05/10/14 13:27:45 Added new column header ::name
05/10/14 13:27:45 Added new column header ::out
05/10/14 13:27:45 Added new column header ::in
05/10/14 13:27:45 Added new column header ::descr
05/10/14 13:27:45 WARNING: WARNING: Failed to detect header in worksheet of type default
05/10/14 13:27:57 WARNING: WARNING: Bad db type default, ne HIER or CONN!
05/10/14 14:12:02 ########################################################################
05/10/14 14:12:02 CMDLINE: vgch_join.pl a_clk.xls
05/10/14 14:12:02 
#######################################################################
##### vgch_join.pl (Revision:)
#####
##### MIX  
#####   MixUtils    1.74 $
#####   MixUtils::IO    1.28 $
##### Copyright(c) Micronas GmbH 2002/2005 ALL RIGHTS RESERVED
#######################################################################
05/10/14 14:12:04 Reading worksheet Issues of H:/work/eclipse/MIX/a_clk.xls
05/10/14 14:12:04 Reading worksheet Tabelle7 of H:/work/eclipse/MIX/a_clk.xls
05/10/14 14:12:04 WARNING: Sheet Tabelle7 holds no content (__FILE__/__LINE__)
05/10/14 14:12:04 Reading worksheet Regression test of H:/work/eclipse/MIX/a_clk.xls
05/10/14 14:12:04 Reading worksheet Struct of H:/work/eclipse/MIX/a_clk.xls
05/10/14 14:12:04 Reading worksheet HIER of H:/work/eclipse/MIX/a_clk.xls
05/10/14 14:12:04 Reading worksheet CONN of H:/work/eclipse/MIX/a_clk.xls
05/10/14 14:12:04 WARNING: WARNING: Failed to detect header in worksheet of type default
05/10/14 14:12:04 WARNING: WARNING: Bad name in header row: mode regarding what? Current or top 1, type default, skipping!
05/10/14 14:12:04 WARNING: Empty header in column 2, sheet-type default, skipping!
05/10/14 14:12:04 WARNING: Empty header in column 3, sheet-type default, skipping!
05/10/14 14:12:04 WARNING: WARNING: Bad name in header row: wig20021112 4, type default, skipping!
05/10/14 14:12:04 WARNING: Empty header in column 5, sheet-type default, skipping!
05/10/14 14:12:04 WARNING: WARNING: Missing required field ::ign in input array!
05/10/14 14:12:04 Added new column header ::mode
05/10/14 14:12:04 Added new column header mode regarding what? Current or top
05/10/14 14:12:04 Added new column header wig20021112
05/10/14 14:12:04 Added new column header ::gen
05/10/14 14:12:04 Added new column header ::variants
05/10/14 14:12:04 Added new column header ::parent
05/10/14 14:12:04 Added new column header ::inst
05/10/14 14:12:04 Added new column header ::lang
05/10/14 14:12:04 Added new column header ::entity
05/10/14 14:12:04 Added new column header ::config
05/10/14 14:12:04 Added new column header ::bundle
05/10/14 14:12:04 Added new column header ::class
05/10/14 14:12:04 Added new column header ::clock
05/10/14 14:12:04 Added new column header ::type
05/10/14 14:12:04 Added new column header ::high
05/10/14 14:12:04 Added new column header ::low
05/10/14 14:12:04 Added new column header ::name
05/10/14 14:12:04 Added new column header ::out
05/10/14 14:12:04 Added new column header ::in
05/10/14 14:12:04 Added new column header ::descr
05/10/14 14:12:04 WARNING: WARNING: Failed to detect header in worksheet of type default
05/10/14 14:38:56 ########################################################################
05/10/14 14:38:56 CMDLINE: vgch_join.pl a_clk.xls
05/10/14 14:38:56 
#######################################################################
##### vgch_join.pl (Revision:)
#####
##### MIX  
#####   MixUtils    1.74 $
#####   MixUtils::IO    1.28 $
##### Copyright(c) Micronas GmbH 2002/2005 ALL RIGHTS RESERVED
#######################################################################
05/10/14 14:38:57 Reading worksheet Issues of H:/work/eclipse/MIX/a_clk.xls
05/10/14 14:38:57 Reading worksheet Tabelle7 of H:/work/eclipse/MIX/a_clk.xls
05/10/14 14:38:57 WARNING: Sheet Tabelle7 holds no content (__FILE__/__LINE__)
05/10/14 14:38:57 Reading worksheet Regression test of H:/work/eclipse/MIX/a_clk.xls
05/10/14 14:38:57 Reading worksheet Struct of H:/work/eclipse/MIX/a_clk.xls
05/10/14 14:38:57 Reading worksheet HIER of H:/work/eclipse/MIX/a_clk.xls
05/10/14 14:38:57 Reading worksheet CONN of H:/work/eclipse/MIX/a_clk.xls
05/10/14 14:38:57 WARNING: WARNING: Failed to detect header in worksheet of type default
05/10/14 14:38:57 WARNING: WARNING: Bad name in header row: mode regarding what? Current or top 1, type default, skipping!
05/10/14 14:38:57 WARNING: Empty header in column 2, sheet-type default, skipping!
05/10/14 14:38:57 WARNING: Empty header in column 3, sheet-type default, skipping!
05/10/14 14:38:57 WARNING: WARNING: Bad name in header row: wig20021112 4, type default, skipping!
05/10/14 14:38:57 WARNING: Empty header in column 5, sheet-type default, skipping!
05/10/14 14:38:57 WARNING: WARNING: Missing required field ::ign in input array!
05/10/14 14:38:57 Added new column header ::mode
05/10/14 14:38:57 Added new column header mode regarding what? Current or top
05/10/14 14:38:57 Added new column header wig20021112
05/10/14 14:38:58 Added new column header ::gen
05/10/14 14:38:58 Added new column header ::variants
05/10/14 14:38:58 Added new column header ::parent
05/10/14 14:38:58 Added new column header ::inst
05/10/14 14:38:58 Added new column header ::lang
05/10/14 14:38:58 Added new column header ::entity
05/10/14 14:38:58 Added new column header ::config
05/10/14 14:38:58 Added new column header ::bundle
05/10/14 14:38:58 Added new column header ::class
05/10/14 14:38:58 Added new column header ::clock
05/10/14 14:38:58 Added new column header ::type
05/10/14 14:38:58 Added new column header ::high
05/10/14 14:38:58 Added new column header ::low
05/10/14 14:38:58 Added new column header ::name
05/10/14 14:38:58 Added new column header ::out
05/10/14 14:38:58 Added new column header ::in
05/10/14 14:38:58 Added new column header ::descr
05/10/14 14:38:58 WARNING: WARNING: Failed to detect header in worksheet of type default
05/10/14 14:40:37 WARNING: ============= SUMMARY =================
05/10/14 14:40:37 WARNING: SUM: Summary of checks and created items:
05/10/14 14:40:37 WARNING: SUM: checkforce 0
05/10/14 14:40:37 WARNING: SUM: checkunique 0
05/10/14 14:40:37 WARNING: SUM: checkwarn 0
05/10/14 14:40:37 WARNING: SUM: cmacros 0
05/10/14 14:40:37 WARNING: SUM: conn 0
05/10/14 14:40:37 WARNING: SUM: errors 0
05/10/14 14:40:37 WARNING: SUM: genport 0
05/10/14 14:40:37 WARNING: SUM: hdlfiles 0
05/10/14 14:40:37 WARNING: SUM: inst 0
05/10/14 14:40:37 WARNING: SUM: multdriver 0
05/10/14 14:40:37 WARNING: SUM: nodriver 0
05/10/14 14:40:37 WARNING: SUM: noload 0
05/10/14 14:40:37 WARNING: SUM: openports 0
05/10/14 14:40:37 WARNING: SUM: warnings 6
05/10/14 14:40:37 WARNING: SUM: === Number of parsed input tables: ===
05/10/14 14:40:37 WARNING: SUM: conf 0
05/10/14 14:40:37 WARNING: SUM: hier 0
05/10/14 14:40:37 WARNING: SUM: conn 0
05/10/14 14:40:37 WARNING: SUM: io 0
05/10/14 14:40:37 WARNING: SUM: i2c 0
05/10/14 16:00:13 ########################################################################
05/10/14 16:00:13 CMDLINE: vgch_join.pl -conf macro.%UNDEF_1%= a_clk.xls
05/10/14 16:00:13 WARNING: WARNING: Illegal key or value given: macro.%UNDEF_1%=

05/10/14 16:00:13 
#######################################################################
##### vgch_join.pl (Revision:)
#####
##### MIX  
#####   MixUtils    1.74 $
#####   MixUtils::IO    1.28 $
##### Copyright(c) Micronas GmbH 2002/2005 ALL RIGHTS RESERVED
#######################################################################
05/10/14 16:00:14 Reading worksheet Issues of H:/work/eclipse/MIX/a_clk.xls
05/10/14 16:00:14 Reading worksheet Tabelle7 of H:/work/eclipse/MIX/a_clk.xls
05/10/14 16:00:14 WARNING: Sheet Tabelle7 holds no content (__FILE__/__LINE__)
05/10/14 16:00:14 Reading worksheet Regression test of H:/work/eclipse/MIX/a_clk.xls
05/10/14 16:00:14 Reading worksheet Struct of H:/work/eclipse/MIX/a_clk.xls
05/10/14 16:00:14 Reading worksheet HIER of H:/work/eclipse/MIX/a_clk.xls
05/10/14 16:00:14 Reading worksheet CONN of H:/work/eclipse/MIX/a_clk.xls
05/10/14 16:00:14 WARNING: WARNING: Failed to detect header in worksheet of type default
05/10/14 16:00:14 WARNING: WARNING: Bad name in header row: mode regarding what? Current or top 1, type default, skipping!
05/10/14 16:00:14 WARNING: Empty header in column 2, sheet-type default, skipping!
05/10/14 16:00:14 WARNING: Empty header in column 3, sheet-type default, skipping!
05/10/14 16:00:14 WARNING: WARNING: Bad name in header row: wig20021112 4, type default, skipping!
05/10/14 16:00:14 WARNING: Empty header in column 5, sheet-type default, skipping!
05/10/14 16:00:14 WARNING: WARNING: Missing required field ::ign in input array!
05/10/14 16:00:15 Added new column header ::mode
05/10/14 16:00:15 Added new column header mode regarding what? Current or top
05/10/14 16:00:15 Added new column header wig20021112
05/10/14 16:00:15 Added new column header ::gen
05/10/14 16:00:15 Added new column header ::variants
05/10/14 16:00:15 Added new column header ::parent
05/10/14 16:00:15 Added new column header ::inst
05/10/14 16:00:15 Added new column header ::lang
05/10/14 16:00:15 Added new column header ::entity
05/10/14 16:00:15 Added new column header ::config
05/10/14 16:00:15 Added new column header ::bundle
05/10/14 16:00:15 Added new column header ::class
05/10/14 16:00:15 Added new column header ::clock
05/10/14 16:00:15 Added new column header ::type
05/10/14 16:00:15 Added new column header ::high
05/10/14 16:00:15 Added new column header ::low
05/10/14 16:00:15 Added new column header ::name
05/10/14 16:00:15 Added new column header ::out
05/10/14 16:00:15 Added new column header ::in
05/10/14 16:00:15 Added new column header ::descr
05/10/14 16:00:15 WARNING: WARNING: Failed to detect header in worksheet of type default
05/10/14 16:00:19 WARNING: File joined.xls already exists! Contents will be changed
05/10/14 16:00:19 WARNING: Rotating 3 old sheets of JOIN_VGCH!
05/10/14 16:00:19 WARNING: ============= SUMMARY =================
05/10/14 16:00:19 WARNING: SUM: Summary of checks and created items:
05/10/14 16:00:19 WARNING: SUM: checkforce 0
05/10/14 16:00:19 WARNING: SUM: checkunique 0
05/10/14 16:00:19 WARNING: SUM: checkwarn 0
05/10/14 16:00:19 WARNING: SUM: cmacros 0
05/10/14 16:00:19 WARNING: SUM: conn 0
05/10/14 16:00:19 WARNING: SUM: errors 0
05/10/14 16:00:19 WARNING: SUM: genport 0
05/10/14 16:00:19 WARNING: SUM: hdlfiles 0
05/10/14 16:00:19 WARNING: SUM: inst 0
05/10/14 16:00:19 WARNING: SUM: multdriver 0
05/10/14 16:00:19 WARNING: SUM: nodriver 0
05/10/14 16:00:19 WARNING: SUM: noload 0
05/10/14 16:00:19 WARNING: SUM: openports 0
05/10/14 16:00:19 WARNING: SUM: warnings 7
05/10/14 16:00:19 WARNING: SUM: === Number of parsed input tables: ===
05/10/14 16:00:19 WARNING: SUM: conf 0
05/10/14 16:00:19 WARNING: SUM: hier 0
05/10/14 16:00:19 WARNING: SUM: conn 0
05/10/14 16:00:19 WARNING: SUM: io 0
05/10/14 16:00:19 WARNING: SUM: i2c 0
